INFO - 2023-06-29 04:58:06 --> Session: Class initialized using 'CodeIgniter\Session\Handlers\FileHandler' driver.
INFO - 2023-06-29 04:58:35 --> Session: Class initialized using 'CodeIgniter\Session\Handlers\FileHandler' driver.
INFO - 2023-06-29 04:58:36 --> Session: Class initialized using 'CodeIgniter\Session\Handlers\FileHandler' driver.
INFO - 2023-06-29 04:58:45 --> Session: Class initialized using 'CodeIgniter\Session\Handlers\FileHandler' driver.
INFO - 2023-06-29 05:02:37 --> Session: Class initialized using 'CodeIgniter\Session\Handlers\FileHandler' driver.
INFO - 2023-06-29 05:06:30 --> Session: Class initialized using 'CodeIgniter\Session\Handlers\FileHandler' driver.
INFO - 2023-06-29 05:06:57 --> Session: Class initialized using 'CodeIgniter\Session\Handlers\FileHandler' driver.
INFO - 2023-06-29 05:08:22 --> Session: Class initialized using 'CodeIgniter\Session\Handlers\FileHandler' driver.
INFO - 2023-06-29 05:08:59 --> Session: Class initialized using 'CodeIgniter\Session\Handlers\FileHandler' driver.
INFO - 2023-06-29 05:09:27 --> Session: Class initialized using 'CodeIgniter\Session\Handlers\FileHandler' driver.
INFO - 2023-06-29 05:10:00 --> Session: Class initialized using 'CodeIgniter\Session\Handlers\FileHandler' driver.
INFO - 2023-06-29 05:10:29 --> Session: Class initialized using 'CodeIgniter\Session\Handlers\FileHandler' driver.
INFO - 2023-06-29 05:18:40 --> Session: Class initialized using 'CodeIgniter\Session\Handlers\FileHandler' driver.
INFO - 2023-06-29 05:19:12 --> Session: Class initialized using 'CodeIgniter\Session\Handlers\FileHandler' driver.
INFO - 2023-06-29 05:19:24 --> Session: Class initialized using 'CodeIgniter\Session\Handlers\FileHandler' driver.
INFO - 2023-06-29 05:22:02 --> Session: Class initialized using 'CodeIgniter\Session\Handlers\FileHandler' driver.
INFO - 2023-06-29 05:22:07 --> Session: Class initialized using 'CodeIgniter\Session\Handlers\FileHandler' driver.
INFO - 2023-06-29 05:22:15 --> Session: Class initialized using 'CodeIgniter\Session\Handlers\FileHandler' driver.
INFO - 2023-06-29 05:23:08 --> Session: Class initialized using 'CodeIgniter\Session\Handlers\FileHandler' driver.
INFO - 2023-06-29 05:23:24 --> Session: Class initialized using 'CodeIgniter\Session\Handlers\FileHandler' driver.
INFO - 2023-06-29 05:23:29 --> Session: Class initialized using 'CodeIgniter\Session\Handlers\FileHandler' driver.
INFO - 2023-06-29 05:25:21 --> Session: Class initialized using 'CodeIgniter\Session\Handlers\FileHandler' driver.
INFO - 2023-06-29 05:26:15 --> Session: Class initialized using 'CodeIgniter\Session\Handlers\FileHandler' driver.
INFO - 2023-06-29 05:26:23 --> Session: Class initialized using 'CodeIgniter\Session\Handlers\FileHandler' driver.
INFO - 2023-06-29 05:26:44 --> Session: Class initialized using 'CodeIgniter\Session\Handlers\FileHandler' driver.
INFO - 2023-06-29 05:27:26 --> Session: Class initialized using 'CodeIgniter\Session\Handlers\FileHandler' driver.
INFO - 2023-06-29 05:27:37 --> Session: Class initialized using 'CodeIgniter\Session\Handlers\FileHandler' driver.
INFO - 2023-06-29 05:28:03 --> Session: Class initialized using 'CodeIgniter\Session\Handlers\FileHandler' driver.
INFO - 2023-06-29 05:30:29 --> Session: Class initialized using 'CodeIgniter\Session\Handlers\FileHandler' driver.
INFO - 2023-06-29 05:31:09 --> Session: Class initialized using 'CodeIgniter\Session\Handlers\FileHandler' driver.
INFO - 2023-06-29 05:33:49 --> Session: Class initialized using 'CodeIgniter\Session\Handlers\FileHandler' driver.
INFO - 2023-06-29 05:34:23 --> Session: Class initialized using 'CodeIgniter\Session\Handlers\FileHandler' driver.
INFO - 2023-06-29 05:34:37 --> Session: Class initialized using 'CodeIgniter\Session\Handlers\FileHandler' driver.
INFO - 2023-06-29 05:35:16 --> Session: Class initialized using 'CodeIgniter\Session\Handlers\FileHandler' driver.
INFO - 2023-06-29 05:48:44 --> Session: Class initialized using 'CodeIgniter\Session\Handlers\FileHandler' driver.
INFO - 2023-06-29 05:48:53 --> Session: Class initialized using 'CodeIgniter\Session\Handlers\FileHandler' driver.
INFO - 2023-06-29 05:49:10 --> Session: Class initialized using 'CodeIgniter\Session\Handlers\FileHandler' driver.
INFO - 2023-06-29 05:49:29 --> Session: Class initialized using 'CodeIgniter\Session\Handlers\FileHandler' driver.
INFO - 2023-06-29 05:55:49 --> Session: Class initialized using 'CodeIgniter\Session\Handlers\FileHandler' driver.
INFO - 2023-06-29 05:56:12 --> Session: Class initialized using 'CodeIgniter\Session\Handlers\FileHandler' driver.
INFO - 2023-06-29 05:56:14 --> Session: Class initialized using 'CodeIgniter\Session\Handlers\FileHandler' driver.
INFO - 2023-06-29 05:56:14 --> Session: Class initialized using 'CodeIgniter\Session\Handlers\FileHandler' driver.
INFO - 2023-06-29 05:56:14 --> Session: Class initialized using 'CodeIgniter\Session\Handlers\FileHandler' driver.
INFO - 2023-06-29 05:56:15 --> Session: Class initialized using 'CodeIgniter\Session\Handlers\FileHandler' driver.
INFO - 2023-06-29 05:56:15 --> Session: Class initialized using 'CodeIgniter\Session\Handlers\FileHandler' driver.
INFO - 2023-06-29 05:56:15 --> Session: Class initialized using 'CodeIgniter\Session\Handlers\FileHandler' driver.
INFO - 2023-06-29 05:56:16 --> Session: Class initialized using 'CodeIgniter\Session\Handlers\FileHandler' driver.
INFO - 2023-06-29 05:56:16 --> Session: Class initialized using 'CodeIgniter\Session\Handlers\FileHandler' driver.
INFO - 2023-06-29 05:56:34 --> Session: Class initialized using 'CodeIgniter\Session\Handlers\FileHandler' driver.
INFO - 2023-06-29 05:56:48 --> Session: Class initialized using 'CodeIgniter\Session\Handlers\FileHandler' driver.
INFO - 2023-06-29 05:57:28 --> Session: Class initialized using 'CodeIgniter\Session\Handlers\FileHandler' driver.
INFO - 2023-06-29 05:58:08 --> Session: Class initialized using 'CodeIgniter\Session\Handlers\FileHandler' driver.
INFO - 2023-06-29 05:59:38 --> Session: Class initialized using 'CodeIgniter\Session\Handlers\FileHandler' driver.
INFO - 2023-06-29 05:59:40 --> Session: Class initialized using 'CodeIgniter\Session\Handlers\FileHandler' driver.
INFO - 2023-06-29 05:59:40 --> Session: Class initialized using 'CodeIgniter\Session\Handlers\FileHandler' driver.
INFO - 2023-06-29 05:59:41 --> Session: Class initialized using 'CodeIgniter\Session\Handlers\FileHandler' driver.
INFO - 2023-06-29 06:00:51 --> Session: Class initialized using 'CodeIgniter\Session\Handlers\FileHandler' driver.
INFO - 2023-06-29 06:01:37 --> Session: Class initialized using 'CodeIgniter\Session\Handlers\FileHandler' driver.
INFO - 2023-06-29 06:01:56 --> Session: Class initialized using 'CodeIgniter\Session\Handlers\FileHandler' driver.
INFO - 2023-06-29 06:02:30 --> Session: Class initialized using 'CodeIgniter\Session\Handlers\FileHandler' driver.
INFO - 2023-06-29 06:02:54 --> Session: Class initialized using 'CodeIgniter\Session\Handlers\FileHandler' driver.
INFO - 2023-06-29 06:03:16 --> Session: Class initialized using 'CodeIgniter\Session\Handlers\FileHandler' driver.
INFO - 2023-06-29 06:04:12 --> Session: Class initialized using 'CodeIgniter\Session\Handlers\FileHandler' driver.
INFO - 2023-06-29 06:04:53 --> Session: Class initialized using 'CodeIgniter\Session\Handlers\FileHandler' driver.
INFO - 2023-06-29 06:05:20 --> Session: Class initialized using 'CodeIgniter\Session\Handlers\FileHandler' driver.
INFO - 2023-06-29 06:06:12 --> Session: Class initialized using 'CodeIgniter\Session\Handlers\FileHandler' driver.
INFO - 2023-06-29 06:06:40 --> Session: Class initialized using 'CodeIgniter\Session\Handlers\FileHandler' driver.
INFO - 2023-06-29 06:07:05 --> Session: Class initialized using 'CodeIgniter\Session\Handlers\FileHandler' driver.
INFO - 2023-06-29 06:07:45 --> Session: Class initialized using 'CodeIgniter\Session\Handlers\FileHandler' driver.
INFO - 2023-06-29 06:08:15 --> Session: Class initialized using 'CodeIgniter\Session\Handlers\FileHandler' driver.
INFO - 2023-06-29 06:27:19 --> Session: Class initialized using 'CodeIgniter\Session\Handlers\FileHandler' driver.
INFO - 2023-06-29 06:28:05 --> Session: Class initialized using 'CodeIgniter\Session\Handlers\FileHandler' driver.
INFO - 2023-06-29 09:53:26 --> Session: Class initialized using 'CodeIgniter\Session\Handlers\FileHandler' driver.
INFO - 2023-06-29 09:54:28 --> Session: Class initialized using 'CodeIgniter\Session\Handlers\FileHandler' driver.
INFO - 2023-06-29 09:55:31 --> Session: Class initialized using 'CodeIgniter\Session\Handlers\FileHandler' driver.
INFO - 2023-06-29 09:56:24 --> Session: Class initialized using 'CodeIgniter\Session\Handlers\FileHandler' driver.
INFO - 2023-06-29 09:57:21 --> Session: Class initialized using 'CodeIgniter\Session\Handlers\FileHandler' driver.
INFO - 2023-06-29 10:03:06 --> Session: Class initialized using 'CodeIgniter\Session\Handlers\FileHandler' driver.
INFO - 2023-06-29 10:03:20 --> Session: Class initialized using 'CodeIgniter\Session\Handlers\FileHandler' driver.
INFO - 2023-06-29 10:03:24 --> Session: Class initialized using 'CodeIgniter\Session\Handlers\FileHandler' driver.
INFO - 2023-06-29 10:06:16 --> Session: Class initialized using 'CodeIgniter\Session\Handlers\FileHandler' driver.
INFO - 2023-06-29 10:06:19 --> Session: Class initialized using 'CodeIgniter\Session\Handlers\FileHandler' driver.
INFO - 2023-06-29 10:07:52 --> Session: Class initialized using 'CodeIgniter\Session\Handlers\FileHandler' driver.
INFO - 2023-06-29 10:20:29 --> Session: Class initialized using 'CodeIgniter\Session\Handlers\FileHandler' driver.
INFO - 2023-06-29 10:26:05 --> Session: Class initialized using 'CodeIgniter\Session\Handlers\FileHandler' driver.
INFO - 2023-06-29 10:26:10 --> Session: Class initialized using 'CodeIgniter\Session\Handlers\FileHandler' driver.
ERROR - 2023-06-29 10:26:10 --> mysqli_sql_exception: Table 'db_alumni.anggota' doesn't exist in D:\Coding\AlumniKU\ProjectAlumni\system\Database\MySQLi\Connection.php:295
Stack trace:
#0 D:\Coding\AlumniKU\ProjectAlumni\system\Database\MySQLi\Connection.php(295): mysqli->query()
#1 D:\Coding\AlumniKU\ProjectAlumni\system\Database\BaseConnection.php(691): CodeIgniter\Database\MySQLi\Connection->execute()
#2 D:\Coding\AlumniKU\ProjectAlumni\system\Database\BaseConnection.php(605): CodeIgniter\Database\BaseConnection->simpleQuery()
#3 D:\Coding\AlumniKU\ProjectAlumni\system\Database\BaseBuilder.php(1616): CodeIgniter\Database\BaseConnection->query()
#4 D:\Coding\AlumniKU\ProjectAlumni\system\Model.php(241): CodeIgniter\Database\BaseBuilder->get()
#5 D:\Coding\AlumniKU\ProjectAlumni\system\BaseModel.php(618): CodeIgniter\Model->doFindAll()
#6 D:\Coding\AlumniKU\ProjectAlumni\app\Models\AnggotaModel.php(16): CodeIgniter\BaseModel->findAll()
#7 D:\Coding\AlumniKU\ProjectAlumni\app\Controllers\AlumniController.php(69): App\Models\AnggotaModel->getAnggota()
#8 D:\Coding\AlumniKU\ProjectAlumni\system\CodeIgniter.php(934): App\Controllers\AlumniController->anggota()
#9 D:\Coding\AlumniKU\ProjectAlumni\system\CodeIgniter.php(499): CodeIgniter\CodeIgniter->runController()
#10 D:\Coding\AlumniKU\ProjectAlumni\system\CodeIgniter.php(368): CodeIgniter\CodeIgniter->handleRequest()
#11 D:\Coding\AlumniKU\ProjectAlumni\public\index.php(67): CodeIgniter\CodeIgniter->run()
#12 D:\Coding\AlumniKU\ProjectAlumni\system\Commands\Server\rewrite.php(47): require_once('...')
#13 {main}
CRITICAL - 2023-06-29 10:26:10 --> Table 'db_alumni.anggota' doesn't exist
in SYSTEMPATH\Database\BaseConnection.php on line 645.
 1 SYSTEMPATH\Database\BaseBuilder.php(1616): CodeIgniter\Database\BaseConnection->query()
 2 SYSTEMPATH\Model.php(241): CodeIgniter\Database\BaseBuilder->get()
 3 SYSTEMPATH\BaseModel.php(618): CodeIgniter\Model->doFindAll()
 4 APPPATH\Models\AnggotaModel.php(16): CodeIgniter\BaseModel->findAll()
 5 APPPATH\Controllers\AlumniController.php(69): App\Models\AnggotaModel->getAnggota()
 6 SYSTEMPATH\CodeIgniter.php(934): App\Controllers\AlumniController->anggota()
 7 SYSTEMPATH\CodeIgniter.php(499): CodeIgniter\CodeIgniter->runController()
 8 SYSTEMPATH\CodeIgniter.php(368): CodeIgniter\CodeIgniter->handleRequest()
 9 FCPATH\index.php(67): CodeIgniter\CodeIgniter->run()
10 SYSTEMPATH\Commands\Server\rewrite.php(47): require_once('FCPATH\\index.php')
INFO - 2023-06-29 10:26:12 --> Session: Class initialized using 'CodeIgniter\Session\Handlers\FileHandler' driver.
ERROR - 2023-06-29 10:26:12 --> mysqli_sql_exception: Table 'db_alumni.anggota' doesn't exist in D:\Coding\AlumniKU\ProjectAlumni\system\Database\MySQLi\Connection.php:295
Stack trace:
#0 D:\Coding\AlumniKU\ProjectAlumni\system\Database\MySQLi\Connection.php(295): mysqli->query()
#1 D:\Coding\AlumniKU\ProjectAlumni\system\Database\BaseConnection.php(691): CodeIgniter\Database\MySQLi\Connection->execute()
#2 D:\Coding\AlumniKU\ProjectAlumni\system\Database\BaseConnection.php(605): CodeIgniter\Database\BaseConnection->simpleQuery()
#3 D:\Coding\AlumniKU\ProjectAlumni\system\Database\BaseBuilder.php(1616): CodeIgniter\Database\BaseConnection->query()
#4 D:\Coding\AlumniKU\ProjectAlumni\system\Model.php(241): CodeIgniter\Database\BaseBuilder->get()
#5 D:\Coding\AlumniKU\ProjectAlumni\system\BaseModel.php(618): CodeIgniter\Model->doFindAll()
#6 D:\Coding\AlumniKU\ProjectAlumni\app\Models\AnggotaModel.php(16): CodeIgniter\BaseModel->findAll()
#7 D:\Coding\AlumniKU\ProjectAlumni\app\Controllers\AlumniController.php(69): App\Models\AnggotaModel->getAnggota()
#8 D:\Coding\AlumniKU\ProjectAlumni\system\CodeIgniter.php(934): App\Controllers\AlumniController->anggota()
#9 D:\Coding\AlumniKU\ProjectAlumni\system\CodeIgniter.php(499): CodeIgniter\CodeIgniter->runController()
#10 D:\Coding\AlumniKU\ProjectAlumni\system\CodeIgniter.php(368): CodeIgniter\CodeIgniter->handleRequest()
#11 D:\Coding\AlumniKU\ProjectAlumni\public\index.php(67): CodeIgniter\CodeIgniter->run()
#12 D:\Coding\AlumniKU\ProjectAlumni\system\Commands\Server\rewrite.php(47): require_once('...')
#13 {main}
CRITICAL - 2023-06-29 10:26:12 --> Table 'db_alumni.anggota' doesn't exist
in SYSTEMPATH\Database\BaseConnection.php on line 645.
 1 SYSTEMPATH\Database\BaseBuilder.php(1616): CodeIgniter\Database\BaseConnection->query()
 2 SYSTEMPATH\Model.php(241): CodeIgniter\Database\BaseBuilder->get()
 3 SYSTEMPATH\BaseModel.php(618): CodeIgniter\Model->doFindAll()
 4 APPPATH\Models\AnggotaModel.php(16): CodeIgniter\BaseModel->findAll()
 5 APPPATH\Controllers\AlumniController.php(69): App\Models\AnggotaModel->getAnggota()
 6 SYSTEMPATH\CodeIgniter.php(934): App\Controllers\AlumniController->anggota()
 7 SYSTEMPATH\CodeIgniter.php(499): CodeIgniter\CodeIgniter->runController()
 8 SYSTEMPATH\CodeIgniter.php(368): CodeIgniter\CodeIgniter->handleRequest()
 9 FCPATH\index.php(67): CodeIgniter\CodeIgniter->run()
10 SYSTEMPATH\Commands\Server\rewrite.php(47): require_once('FCPATH\\index.php')
INFO - 2023-06-29 10:26:16 --> Session: Class initialized using 'CodeIgniter\Session\Handlers\FileHandler' driver.
INFO - 2023-06-29 10:40:25 --> Session: Class initialized using 'CodeIgniter\Session\Handlers\FileHandler' driver.
INFO - 2023-06-29 10:40:25 --> Session: Class initialized using 'CodeIgniter\Session\Handlers\FileHandler' driver.
INFO - 2023-06-29 10:40:38 --> Session: Class initialized using 'CodeIgniter\Session\Handlers\FileHandler' driver.
INFO - 2023-06-29 10:40:38 --> Session: Class initialized using 'CodeIgniter\Session\Handlers\FileHandler' driver.
INFO - 2023-06-29 10:45:20 --> Session: Class initialized using 'CodeIgniter\Session\Handlers\FileHandler' driver.
INFO - 2023-06-29 10:45:21 --> Session: Class initialized using 'CodeIgniter\Session\Handlers\FileHandler' driver.
INFO - 2023-06-29 10:45:28 --> Session: Class initialized using 'CodeIgniter\Session\Handlers\FileHandler' driver.
INFO - 2023-06-29 10:46:31 --> Session: Class initialized using 'CodeIgniter\Session\Handlers\FileHandler' driver.
INFO - 2023-06-29 10:46:36 --> Session: Class initialized using 'CodeIgniter\Session\Handlers\FileHandler' driver.
INFO - 2023-06-29 10:46:46 --> Session: Class initialized using 'CodeIgniter\Session\Handlers\FileHandler' driver.
INFO - 2023-06-29 10:46:47 --> Session: Class initialized using 'CodeIgniter\Session\Handlers\FileHandler' driver.
INFO - 2023-06-29 10:50:56 --> Session: Class initialized using 'CodeIgniter\Session\Handlers\FileHandler' driver.
INFO - 2023-06-29 10:51:02 --> Session: Class initialized using 'CodeIgniter\Session\Handlers\FileHandler' driver.
INFO - 2023-06-29 11:03:59 --> Session: Class initialized using 'CodeIgniter\Session\Handlers\FileHandler' driver.
INFO - 2023-06-29 11:14:53 --> Session: Class initialized using 'CodeIgniter\Session\Handlers\FileHandler' driver.
INFO - 2023-06-29 11:15:43 --> Session: Class initialized using 'CodeIgniter\Session\Handlers\FileHandler' driver.
INFO - 2023-06-29 11:16:02 --> Session: Class initialized using 'CodeIgniter\Session\Handlers\FileHandler' driver.
INFO - 2023-06-29 11:16:03 --> Session: Class initialized using 'CodeIgniter\Session\Handlers\FileHandler' driver.
INFO - 2023-06-29 11:16:04 --> Session: Class initialized using 'CodeIgniter\Session\Handlers\FileHandler' driver.
INFO - 2023-06-29 11:17:40 --> Session: Class initialized using 'CodeIgniter\Session\Handlers\FileHandler' driver.
INFO - 2023-06-29 11:17:45 --> Session: Class initialized using 'CodeIgniter\Session\Handlers\FileHandler' driver.
INFO - 2023-06-29 11:17:48 --> Session: Class initialized using 'CodeIgniter\Session\Handlers\FileHandler' driver.
INFO - 2023-06-29 11:17:57 --> Session: Class initialized using 'CodeIgniter\Session\Handlers\FileHandler' driver.
INFO - 2023-06-29 11:19:02 --> Session: Class initialized using 'CodeIgniter\Session\Handlers\FileHandler' driver.
INFO - 2023-06-29 11:21:05 --> Session: Class initialized using 'CodeIgniter\Session\Handlers\FileHandler' driver.
INFO - 2023-06-29 11:48:53 --> Session: Class initialized using 'CodeIgniter\Session\Handlers\FileHandler' driver.
CRITICAL - 2023-06-29 11:48:53 --> Undefined variable $config
in APPPATH\Views\auth\login.php on line 26.
 1 APPPATH\Views\auth\login.php(26): CodeIgniter\Debug\Exceptions->errorHandler()
 2 SYSTEMPATH\View\View.php(213): include('APPPATH\\Views\\auth\\login.php')
 3 SYSTEMPATH\View\View.php(216): CodeIgniter\View\View->CodeIgniter\View\{closure}()
 4 SYSTEMPATH\Common.php(1184): CodeIgniter\View\View->render()
 5 APPPATH\Controllers\AlumniController.php(19): view()
 6 SYSTEMPATH\CodeIgniter.php(934): App\Controllers\AlumniController->loginBaru()
 7 SYSTEMPATH\CodeIgniter.php(499): CodeIgniter\CodeIgniter->runController()
 8 SYSTEMPATH\CodeIgniter.php(368): CodeIgniter\CodeIgniter->handleRequest()
 9 FCPATH\index.php(67): CodeIgniter\CodeIgniter->run()
10 SYSTEMPATH\Commands\Server\rewrite.php(47): require_once('FCPATH\\index.php')
INFO - 2023-06-29 11:49:37 --> Session: Class initialized using 'CodeIgniter\Session\Handlers\FileHandler' driver.
CRITICAL - 2023-06-29 11:49:37 --> Undefined variable $config
in APPPATH\Views\auth\login.php on line 26.
 1 APPPATH\Views\auth\login.php(26): CodeIgniter\Debug\Exceptions->errorHandler()
 2 SYSTEMPATH\View\View.php(213): include('APPPATH\\Views\\auth\\login.php')
 3 SYSTEMPATH\View\View.php(216): CodeIgniter\View\View->CodeIgniter\View\{closure}()
 4 SYSTEMPATH\Common.php(1184): CodeIgniter\View\View->render()
 5 APPPATH\Controllers\AlumniController.php(19): view()
 6 SYSTEMPATH\CodeIgniter.php(934): App\Controllers\AlumniController->loginBaru()
 7 SYSTEMPATH\CodeIgniter.php(499): CodeIgniter\CodeIgniter->runController()
 8 SYSTEMPATH\CodeIgniter.php(368): CodeIgniter\CodeIgniter->handleRequest()
 9 FCPATH\index.php(67): CodeIgniter\CodeIgniter->run()
10 SYSTEMPATH\Commands\Server\rewrite.php(47): require_once('FCPATH\\index.php')
INFO - 2023-06-29 11:49:38 --> Session: Class initialized using 'CodeIgniter\Session\Handlers\FileHandler' driver.
CRITICAL - 2023-06-29 11:49:38 --> Undefined variable $config
in APPPATH\Views\auth\login.php on line 26.
 1 APPPATH\Views\auth\login.php(26): CodeIgniter\Debug\Exceptions->errorHandler()
 2 SYSTEMPATH\View\View.php(213): include('APPPATH\\Views\\auth\\login.php')
 3 SYSTEMPATH\View\View.php(216): CodeIgniter\View\View->CodeIgniter\View\{closure}()
 4 SYSTEMPATH\Common.php(1184): CodeIgniter\View\View->render()
 5 APPPATH\Controllers\AlumniController.php(19): view()
 6 SYSTEMPATH\CodeIgniter.php(934): App\Controllers\AlumniController->loginBaru()
 7 SYSTEMPATH\CodeIgniter.php(499): CodeIgniter\CodeIgniter->runController()
 8 SYSTEMPATH\CodeIgniter.php(368): CodeIgniter\CodeIgniter->handleRequest()
 9 FCPATH\index.php(67): CodeIgniter\CodeIgniter->run()
10 SYSTEMPATH\Commands\Server\rewrite.php(47): require_once('FCPATH\\index.php')
INFO - 2023-06-29 11:50:00 --> Session: Class initialized using 'CodeIgniter\Session\Handlers\FileHandler' driver.
CRITICAL - 2023-06-29 11:50:00 --> Undefined variable $config
in APPPATH\Views\auth\login.php on line 26.
 1 APPPATH\Views\auth\login.php(26): CodeIgniter\Debug\Exceptions->errorHandler()
 2 SYSTEMPATH\View\View.php(213): include('APPPATH\\Views\\auth\\login.php')
 3 SYSTEMPATH\View\View.php(216): CodeIgniter\View\View->CodeIgniter\View\{closure}()
 4 SYSTEMPATH\Common.php(1184): CodeIgniter\View\View->render()
 5 APPPATH\Controllers\AlumniController.php(19): view()
 6 SYSTEMPATH\CodeIgniter.php(934): App\Controllers\AlumniController->loginBaru()
 7 SYSTEMPATH\CodeIgniter.php(499): CodeIgniter\CodeIgniter->runController()
 8 SYSTEMPATH\CodeIgniter.php(368): CodeIgniter\CodeIgniter->handleRequest()
 9 FCPATH\index.php(67): CodeIgniter\CodeIgniter->run()
10 SYSTEMPATH\Commands\Server\rewrite.php(47): require_once('FCPATH\\index.php')
INFO - 2023-06-29 11:50:01 --> Session: Class initialized using 'CodeIgniter\Session\Handlers\FileHandler' driver.
CRITICAL - 2023-06-29 11:50:01 --> Undefined variable $config
in APPPATH\Views\auth\login.php on line 26.
 1 APPPATH\Views\auth\login.php(26): CodeIgniter\Debug\Exceptions->errorHandler()
 2 SYSTEMPATH\View\View.php(213): include('APPPATH\\Views\\auth\\login.php')
 3 SYSTEMPATH\View\View.php(216): CodeIgniter\View\View->CodeIgniter\View\{closure}()
 4 SYSTEMPATH\Common.php(1184): CodeIgniter\View\View->render()
 5 APPPATH\Controllers\AlumniController.php(19): view()
 6 SYSTEMPATH\CodeIgniter.php(934): App\Controllers\AlumniController->loginBaru()
 7 SYSTEMPATH\CodeIgniter.php(499): CodeIgniter\CodeIgniter->runController()
 8 SYSTEMPATH\CodeIgniter.php(368): CodeIgniter\CodeIgniter->handleRequest()
 9 FCPATH\index.php(67): CodeIgniter\CodeIgniter->run()
10 SYSTEMPATH\Commands\Server\rewrite.php(47): require_once('FCPATH\\index.php')
INFO - 2023-06-29 11:57:54 --> Session: Class initialized using 'CodeIgniter\Session\Handlers\FileHandler' driver.
CRITICAL - 2023-06-29 11:57:54 --> Undefined variable $config
in APPPATH\Views\auth\login.php on line 26.
 1 APPPATH\Views\auth\login.php(26): CodeIgniter\Debug\Exceptions->errorHandler()
 2 SYSTEMPATH\View\View.php(213): include('APPPATH\\Views\\auth\\login.php')
 3 SYSTEMPATH\View\View.php(216): CodeIgniter\View\View->CodeIgniter\View\{closure}()
 4 SYSTEMPATH\Common.php(1184): CodeIgniter\View\View->render()
 5 APPPATH\Controllers\AlumniController.php(19): view()
 6 SYSTEMPATH\CodeIgniter.php(934): App\Controllers\AlumniController->loginBaru()
 7 SYSTEMPATH\CodeIgniter.php(499): CodeIgniter\CodeIgniter->runController()
 8 SYSTEMPATH\CodeIgniter.php(368): CodeIgniter\CodeIgniter->handleRequest()
 9 FCPATH\index.php(67): CodeIgniter\CodeIgniter->run()
10 SYSTEMPATH\Commands\Server\rewrite.php(47): require_once('FCPATH\\index.php')
INFO - 2023-06-29 11:57:55 --> Session: Class initialized using 'CodeIgniter\Session\Handlers\FileHandler' driver.
CRITICAL - 2023-06-29 11:57:55 --> Undefined variable $config
in APPPATH\Views\auth\login.php on line 26.
 1 APPPATH\Views\auth\login.php(26): CodeIgniter\Debug\Exceptions->errorHandler()
 2 SYSTEMPATH\View\View.php(213): include('APPPATH\\Views\\auth\\login.php')
 3 SYSTEMPATH\View\View.php(216): CodeIgniter\View\View->CodeIgniter\View\{closure}()
 4 SYSTEMPATH\Common.php(1184): CodeIgniter\View\View->render()
 5 APPPATH\Controllers\AlumniController.php(19): view()
 6 SYSTEMPATH\CodeIgniter.php(934): App\Controllers\AlumniController->loginBaru()
 7 SYSTEMPATH\CodeIgniter.php(499): CodeIgniter\CodeIgniter->runController()
 8 SYSTEMPATH\CodeIgniter.php(368): CodeIgniter\CodeIgniter->handleRequest()
 9 FCPATH\index.php(67): CodeIgniter\CodeIgniter->run()
10 SYSTEMPATH\Commands\Server\rewrite.php(47): require_once('FCPATH\\index.php')
INFO - 2023-06-29 11:57:55 --> Session: Class initialized using 'CodeIgniter\Session\Handlers\FileHandler' driver.
CRITICAL - 2023-06-29 11:57:55 --> Undefined variable $config
in APPPATH\Views\auth\login.php on line 26.
 1 APPPATH\Views\auth\login.php(26): CodeIgniter\Debug\Exceptions->errorHandler()
 2 SYSTEMPATH\View\View.php(213): include('APPPATH\\Views\\auth\\login.php')
 3 SYSTEMPATH\View\View.php(216): CodeIgniter\View\View->CodeIgniter\View\{closure}()
 4 SYSTEMPATH\Common.php(1184): CodeIgniter\View\View->render()
 5 APPPATH\Controllers\AlumniController.php(19): view()
 6 SYSTEMPATH\CodeIgniter.php(934): App\Controllers\AlumniController->loginBaru()
 7 SYSTEMPATH\CodeIgniter.php(499): CodeIgniter\CodeIgniter->runController()
 8 SYSTEMPATH\CodeIgniter.php(368): CodeIgniter\CodeIgniter->handleRequest()
 9 FCPATH\index.php(67): CodeIgniter\CodeIgniter->run()
10 SYSTEMPATH\Commands\Server\rewrite.php(47): require_once('FCPATH\\index.php')
INFO - 2023-06-29 11:57:56 --> Session: Class initialized using 'CodeIgniter\Session\Handlers\FileHandler' driver.
CRITICAL - 2023-06-29 11:57:56 --> Undefined variable $config
in APPPATH\Views\auth\login.php on line 26.
 1 APPPATH\Views\auth\login.php(26): CodeIgniter\Debug\Exceptions->errorHandler()
 2 SYSTEMPATH\View\View.php(213): include('APPPATH\\Views\\auth\\login.php')
 3 SYSTEMPATH\View\View.php(216): CodeIgniter\View\View->CodeIgniter\View\{closure}()
 4 SYSTEMPATH\Common.php(1184): CodeIgniter\View\View->render()
 5 APPPATH\Controllers\AlumniController.php(19): view()
 6 SYSTEMPATH\CodeIgniter.php(934): App\Controllers\AlumniController->loginBaru()
 7 SYSTEMPATH\CodeIgniter.php(499): CodeIgniter\CodeIgniter->runController()
 8 SYSTEMPATH\CodeIgniter.php(368): CodeIgniter\CodeIgniter->handleRequest()
 9 FCPATH\index.php(67): CodeIgniter\CodeIgniter->run()
10 SYSTEMPATH\Commands\Server\rewrite.php(47): require_once('FCPATH\\index.php')
INFO - 2023-06-29 11:57:56 --> Session: Class initialized using 'CodeIgniter\Session\Handlers\FileHandler' driver.
CRITICAL - 2023-06-29 11:57:56 --> Undefined variable $config
in APPPATH\Views\auth\login.php on line 26.
 1 APPPATH\Views\auth\login.php(26): CodeIgniter\Debug\Exceptions->errorHandler()
 2 SYSTEMPATH\View\View.php(213): include('APPPATH\\Views\\auth\\login.php')
 3 SYSTEMPATH\View\View.php(216): CodeIgniter\View\View->CodeIgniter\View\{closure}()
 4 SYSTEMPATH\Common.php(1184): CodeIgniter\View\View->render()
 5 APPPATH\Controllers\AlumniController.php(19): view()
 6 SYSTEMPATH\CodeIgniter.php(934): App\Controllers\AlumniController->loginBaru()
 7 SYSTEMPATH\CodeIgniter.php(499): CodeIgniter\CodeIgniter->runController()
 8 SYSTEMPATH\CodeIgniter.php(368): CodeIgniter\CodeIgniter->handleRequest()
 9 FCPATH\index.php(67): CodeIgniter\CodeIgniter->run()
10 SYSTEMPATH\Commands\Server\rewrite.php(47): require_once('FCPATH\\index.php')
INFO - 2023-06-29 12:02:58 --> Session: Class initialized using 'CodeIgniter\Session\Handlers\FileHandler' driver.
CRITICAL - 2023-06-29 12:02:58 --> Undefined variable $config
in APPPATH\Views\auth\login.php on line 1.
 1 APPPATH\Views\auth\login.php(1): CodeIgniter\Debug\Exceptions->errorHandler()
 2 SYSTEMPATH\View\View.php(213): include('APPPATH\\Views\\auth\\login.php')
 3 SYSTEMPATH\View\View.php(216): CodeIgniter\View\View->CodeIgniter\View\{closure}()
 4 SYSTEMPATH\Common.php(1184): CodeIgniter\View\View->render()
 5 APPPATH\Controllers\AlumniController.php(19): view()
 6 SYSTEMPATH\CodeIgniter.php(934): App\Controllers\AlumniController->loginBaru()
 7 SYSTEMPATH\CodeIgniter.php(499): CodeIgniter\CodeIgniter->runController()
 8 SYSTEMPATH\CodeIgniter.php(368): CodeIgniter\CodeIgniter->handleRequest()
 9 FCPATH\index.php(67): CodeIgniter\CodeIgniter->run()
10 SYSTEMPATH\Commands\Server\rewrite.php(47): require_once('FCPATH\\index.php')
INFO - 2023-06-29 12:03:17 --> Session: Class initialized using 'CodeIgniter\Session\Handlers\FileHandler' driver.
CRITICAL - 2023-06-29 12:03:17 --> Undefined variable $config
in APPPATH\Views\auth\login.php on line 1.
 1 APPPATH\Views\auth\login.php(1): CodeIgniter\Debug\Exceptions->errorHandler()
 2 SYSTEMPATH\View\View.php(213): include('APPPATH\\Views\\auth\\login.php')
 3 SYSTEMPATH\View\View.php(216): CodeIgniter\View\View->CodeIgniter\View\{closure}()
 4 SYSTEMPATH\Common.php(1184): CodeIgniter\View\View->render()
 5 APPPATH\Controllers\AlumniController.php(19): view()
 6 SYSTEMPATH\CodeIgniter.php(934): App\Controllers\AlumniController->loginBaru()
 7 SYSTEMPATH\CodeIgniter.php(499): CodeIgniter\CodeIgniter->runController()
 8 SYSTEMPATH\CodeIgniter.php(368): CodeIgniter\CodeIgniter->handleRequest()
 9 FCPATH\index.php(67): CodeIgniter\CodeIgniter->run()
10 SYSTEMPATH\Commands\Server\rewrite.php(47): require_once('FCPATH\\index.php')
INFO - 2023-06-29 12:07:23 --> Session: Class initialized using 'CodeIgniter\Session\Handlers\FileHandler' driver.
CRITICAL - 2023-06-29 12:07:23 --> Undefined variable $config
in APPPATH\Views\auth\login.php on line 1.
 1 APPPATH\Views\auth\login.php(1): CodeIgniter\Debug\Exceptions->errorHandler()
 2 SYSTEMPATH\View\View.php(213): include('APPPATH\\Views\\auth\\login.php')
 3 SYSTEMPATH\View\View.php(216): CodeIgniter\View\View->CodeIgniter\View\{closure}()
 4 SYSTEMPATH\Common.php(1184): CodeIgniter\View\View->render()
 5 APPPATH\Controllers\AlumniController.php(19): view()
 6 SYSTEMPATH\CodeIgniter.php(934): App\Controllers\AlumniController->loginBaru()
 7 SYSTEMPATH\CodeIgniter.php(499): CodeIgniter\CodeIgniter->runController()
 8 SYSTEMPATH\CodeIgniter.php(368): CodeIgniter\CodeIgniter->handleRequest()
 9 FCPATH\index.php(67): CodeIgniter\CodeIgniter->run()
10 SYSTEMPATH\Commands\Server\rewrite.php(47): require_once('FCPATH\\index.php')
INFO - 2023-06-29 12:07:24 --> Session: Class initialized using 'CodeIgniter\Session\Handlers\FileHandler' driver.
CRITICAL - 2023-06-29 12:07:24 --> Undefined variable $config
in APPPATH\Views\auth\login.php on line 1.
 1 APPPATH\Views\auth\login.php(1): CodeIgniter\Debug\Exceptions->errorHandler()
 2 SYSTEMPATH\View\View.php(213): include('APPPATH\\Views\\auth\\login.php')
 3 SYSTEMPATH\View\View.php(216): CodeIgniter\View\View->CodeIgniter\View\{closure}()
 4 SYSTEMPATH\Common.php(1184): CodeIgniter\View\View->render()
 5 APPPATH\Controllers\AlumniController.php(19): view()
 6 SYSTEMPATH\CodeIgniter.php(934): App\Controllers\AlumniController->loginBaru()
 7 SYSTEMPATH\CodeIgniter.php(499): CodeIgniter\CodeIgniter->runController()
 8 SYSTEMPATH\CodeIgniter.php(368): CodeIgniter\CodeIgniter->handleRequest()
 9 FCPATH\index.php(67): CodeIgniter\CodeIgniter->run()
10 SYSTEMPATH\Commands\Server\rewrite.php(47): require_once('FCPATH\\index.php')
INFO - 2023-06-29 12:07:24 --> Session: Class initialized using 'CodeIgniter\Session\Handlers\FileHandler' driver.
CRITICAL - 2023-06-29 12:07:24 --> Undefined variable $config
in APPPATH\Views\auth\login.php on line 1.
 1 APPPATH\Views\auth\login.php(1): CodeIgniter\Debug\Exceptions->errorHandler()
 2 SYSTEMPATH\View\View.php(213): include('APPPATH\\Views\\auth\\login.php')
 3 SYSTEMPATH\View\View.php(216): CodeIgniter\View\View->CodeIgniter\View\{closure}()
 4 SYSTEMPATH\Common.php(1184): CodeIgniter\View\View->render()
 5 APPPATH\Controllers\AlumniController.php(19): view()
 6 SYSTEMPATH\CodeIgniter.php(934): App\Controllers\AlumniController->loginBaru()
 7 SYSTEMPATH\CodeIgniter.php(499): CodeIgniter\CodeIgniter->runController()
 8 SYSTEMPATH\CodeIgniter.php(368): CodeIgniter\CodeIgniter->handleRequest()
 9 FCPATH\index.php(67): CodeIgniter\CodeIgniter->run()
10 SYSTEMPATH\Commands\Server\rewrite.php(47): require_once('FCPATH\\index.php')
INFO - 2023-06-29 12:07:24 --> Session: Class initialized using 'CodeIgniter\Session\Handlers\FileHandler' driver.
CRITICAL - 2023-06-29 12:07:24 --> Undefined variable $config
in APPPATH\Views\auth\login.php on line 1.
 1 APPPATH\Views\auth\login.php(1): CodeIgniter\Debug\Exceptions->errorHandler()
 2 SYSTEMPATH\View\View.php(213): include('APPPATH\\Views\\auth\\login.php')
 3 SYSTEMPATH\View\View.php(216): CodeIgniter\View\View->CodeIgniter\View\{closure}()
 4 SYSTEMPATH\Common.php(1184): CodeIgniter\View\View->render()
 5 APPPATH\Controllers\AlumniController.php(19): view()
 6 SYSTEMPATH\CodeIgniter.php(934): App\Controllers\AlumniController->loginBaru()
 7 SYSTEMPATH\CodeIgniter.php(499): CodeIgniter\CodeIgniter->runController()
 8 SYSTEMPATH\CodeIgniter.php(368): CodeIgniter\CodeIgniter->handleRequest()
 9 FCPATH\index.php(67): CodeIgniter\CodeIgniter->run()
10 SYSTEMPATH\Commands\Server\rewrite.php(47): require_once('FCPATH\\index.php')
INFO - 2023-06-29 12:07:24 --> Session: Class initialized using 'CodeIgniter\Session\Handlers\FileHandler' driver.
CRITICAL - 2023-06-29 12:07:24 --> Undefined variable $config
in APPPATH\Views\auth\login.php on line 1.
 1 APPPATH\Views\auth\login.php(1): CodeIgniter\Debug\Exceptions->errorHandler()
 2 SYSTEMPATH\View\View.php(213): include('APPPATH\\Views\\auth\\login.php')
 3 SYSTEMPATH\View\View.php(216): CodeIgniter\View\View->CodeIgniter\View\{closure}()
 4 SYSTEMPATH\Common.php(1184): CodeIgniter\View\View->render()
 5 APPPATH\Controllers\AlumniController.php(19): view()
 6 SYSTEMPATH\CodeIgniter.php(934): App\Controllers\AlumniController->loginBaru()
 7 SYSTEMPATH\CodeIgniter.php(499): CodeIgniter\CodeIgniter->runController()
 8 SYSTEMPATH\CodeIgniter.php(368): CodeIgniter\CodeIgniter->handleRequest()
 9 FCPATH\index.php(67): CodeIgniter\CodeIgniter->run()
10 SYSTEMPATH\Commands\Server\rewrite.php(47): require_once('FCPATH\\index.php')
INFO - 2023-06-29 12:07:25 --> Session: Class initialized using 'CodeIgniter\Session\Handlers\FileHandler' driver.
CRITICAL - 2023-06-29 12:07:25 --> Undefined variable $config
in APPPATH\Views\auth\login.php on line 1.
 1 APPPATH\Views\auth\login.php(1): CodeIgniter\Debug\Exceptions->errorHandler()
 2 SYSTEMPATH\View\View.php(213): include('APPPATH\\Views\\auth\\login.php')
 3 SYSTEMPATH\View\View.php(216): CodeIgniter\View\View->CodeIgniter\View\{closure}()
 4 SYSTEMPATH\Common.php(1184): CodeIgniter\View\View->render()
 5 APPPATH\Controllers\AlumniController.php(19): view()
 6 SYSTEMPATH\CodeIgniter.php(934): App\Controllers\AlumniController->loginBaru()
 7 SYSTEMPATH\CodeIgniter.php(499): CodeIgniter\CodeIgniter->runController()
 8 SYSTEMPATH\CodeIgniter.php(368): CodeIgniter\CodeIgniter->handleRequest()
 9 FCPATH\index.php(67): CodeIgniter\CodeIgniter->run()
10 SYSTEMPATH\Commands\Server\rewrite.php(47): require_once('FCPATH\\index.php')
INFO - 2023-06-29 12:07:25 --> Session: Class initialized using 'CodeIgniter\Session\Handlers\FileHandler' driver.
CRITICAL - 2023-06-29 12:07:25 --> Undefined variable $config
in APPPATH\Views\auth\login.php on line 1.
 1 APPPATH\Views\auth\login.php(1): CodeIgniter\Debug\Exceptions->errorHandler()
 2 SYSTEMPATH\View\View.php(213): include('APPPATH\\Views\\auth\\login.php')
 3 SYSTEMPATH\View\View.php(216): CodeIgniter\View\View->CodeIgniter\View\{closure}()
 4 SYSTEMPATH\Common.php(1184): CodeIgniter\View\View->render()
 5 APPPATH\Controllers\AlumniController.php(19): view()
 6 SYSTEMPATH\CodeIgniter.php(934): App\Controllers\AlumniController->loginBaru()
 7 SYSTEMPATH\CodeIgniter.php(499): CodeIgniter\CodeIgniter->runController()
 8 SYSTEMPATH\CodeIgniter.php(368): CodeIgniter\CodeIgniter->handleRequest()
 9 FCPATH\index.php(67): CodeIgniter\CodeIgniter->run()
10 SYSTEMPATH\Commands\Server\rewrite.php(47): require_once('FCPATH\\index.php')
INFO - 2023-06-29 12:09:25 --> Session: Class initialized using 'CodeIgniter\Session\Handlers\FileHandler' driver.
CRITICAL - 2023-06-29 12:09:25 --> Undefined variable $config
in APPPATH\Views\auth\login.php on line 1.
 1 APPPATH\Views\auth\login.php(1): CodeIgniter\Debug\Exceptions->errorHandler()
 2 SYSTEMPATH\View\View.php(213): include('APPPATH\\Views\\auth\\login.php')
 3 SYSTEMPATH\View\View.php(216): CodeIgniter\View\View->CodeIgniter\View\{closure}()
 4 SYSTEMPATH\Common.php(1184): CodeIgniter\View\View->render()
 5 APPPATH\Controllers\AlumniController.php(19): view()
 6 SYSTEMPATH\CodeIgniter.php(934): App\Controllers\AlumniController->loginBaru()
 7 SYSTEMPATH\CodeIgniter.php(499): CodeIgniter\CodeIgniter->runController()
 8 SYSTEMPATH\CodeIgniter.php(368): CodeIgniter\CodeIgniter->handleRequest()
 9 FCPATH\index.php(67): CodeIgniter\CodeIgniter->run()
10 SYSTEMPATH\Commands\Server\rewrite.php(47): require_once('FCPATH\\index.php')
INFO - 2023-06-29 12:09:27 --> Session: Class initialized using 'CodeIgniter\Session\Handlers\FileHandler' driver.
CRITICAL - 2023-06-29 12:09:27 --> Undefined variable $config
in APPPATH\Views\auth\login.php on line 1.
 1 APPPATH\Views\auth\login.php(1): CodeIgniter\Debug\Exceptions->errorHandler()
 2 SYSTEMPATH\View\View.php(213): include('APPPATH\\Views\\auth\\login.php')
 3 SYSTEMPATH\View\View.php(216): CodeIgniter\View\View->CodeIgniter\View\{closure}()
 4 SYSTEMPATH\Common.php(1184): CodeIgniter\View\View->render()
 5 APPPATH\Controllers\AlumniController.php(19): view()
 6 SYSTEMPATH\CodeIgniter.php(934): App\Controllers\AlumniController->loginBaru()
 7 SYSTEMPATH\CodeIgniter.php(499): CodeIgniter\CodeIgniter->runController()
 8 SYSTEMPATH\CodeIgniter.php(368): CodeIgniter\CodeIgniter->handleRequest()
 9 FCPATH\index.php(67): CodeIgniter\CodeIgniter->run()
10 SYSTEMPATH\Commands\Server\rewrite.php(47): require_once('FCPATH\\index.php')
INFO - 2023-06-29 12:09:28 --> Session: Class initialized using 'CodeIgniter\Session\Handlers\FileHandler' driver.
CRITICAL - 2023-06-29 12:09:28 --> Undefined variable $config
in APPPATH\Views\auth\login.php on line 1.
 1 APPPATH\Views\auth\login.php(1): CodeIgniter\Debug\Exceptions->errorHandler()
 2 SYSTEMPATH\View\View.php(213): include('APPPATH\\Views\\auth\\login.php')
 3 SYSTEMPATH\View\View.php(216): CodeIgniter\View\View->CodeIgniter\View\{closure}()
 4 SYSTEMPATH\Common.php(1184): CodeIgniter\View\View->render()
 5 APPPATH\Controllers\AlumniController.php(19): view()
 6 SYSTEMPATH\CodeIgniter.php(934): App\Controllers\AlumniController->loginBaru()
 7 SYSTEMPATH\CodeIgniter.php(499): CodeIgniter\CodeIgniter->runController()
 8 SYSTEMPATH\CodeIgniter.php(368): CodeIgniter\CodeIgniter->handleRequest()
 9 FCPATH\index.php(67): CodeIgniter\CodeIgniter->run()
10 SYSTEMPATH\Commands\Server\rewrite.php(47): require_once('FCPATH\\index.php')
INFO - 2023-06-29 12:09:28 --> Session: Class initialized using 'CodeIgniter\Session\Handlers\FileHandler' driver.
CRITICAL - 2023-06-29 12:09:28 --> Undefined variable $config
in APPPATH\Views\auth\login.php on line 1.
 1 APPPATH\Views\auth\login.php(1): CodeIgniter\Debug\Exceptions->errorHandler()
 2 SYSTEMPATH\View\View.php(213): include('APPPATH\\Views\\auth\\login.php')
 3 SYSTEMPATH\View\View.php(216): CodeIgniter\View\View->CodeIgniter\View\{closure}()
 4 SYSTEMPATH\Common.php(1184): CodeIgniter\View\View->render()
 5 APPPATH\Controllers\AlumniController.php(19): view()
 6 SYSTEMPATH\CodeIgniter.php(934): App\Controllers\AlumniController->loginBaru()
 7 SYSTEMPATH\CodeIgniter.php(499): CodeIgniter\CodeIgniter->runController()
 8 SYSTEMPATH\CodeIgniter.php(368): CodeIgniter\CodeIgniter->handleRequest()
 9 FCPATH\index.php(67): CodeIgniter\CodeIgniter->run()
10 SYSTEMPATH\Commands\Server\rewrite.php(47): require_once('FCPATH\\index.php')
INFO - 2023-06-29 12:09:28 --> Session: Class initialized using 'CodeIgniter\Session\Handlers\FileHandler' driver.
CRITICAL - 2023-06-29 12:09:28 --> Undefined variable $config
in APPPATH\Views\auth\login.php on line 1.
 1 APPPATH\Views\auth\login.php(1): CodeIgniter\Debug\Exceptions->errorHandler()
 2 SYSTEMPATH\View\View.php(213): include('APPPATH\\Views\\auth\\login.php')
 3 SYSTEMPATH\View\View.php(216): CodeIgniter\View\View->CodeIgniter\View\{closure}()
 4 SYSTEMPATH\Common.php(1184): CodeIgniter\View\View->render()
 5 APPPATH\Controllers\AlumniController.php(19): view()
 6 SYSTEMPATH\CodeIgniter.php(934): App\Controllers\AlumniController->loginBaru()
 7 SYSTEMPATH\CodeIgniter.php(499): CodeIgniter\CodeIgniter->runController()
 8 SYSTEMPATH\CodeIgniter.php(368): CodeIgniter\CodeIgniter->handleRequest()
 9 FCPATH\index.php(67): CodeIgniter\CodeIgniter->run()
10 SYSTEMPATH\Commands\Server\rewrite.php(47): require_once('FCPATH\\index.php')
INFO - 2023-06-29 12:09:28 --> Session: Class initialized using 'CodeIgniter\Session\Handlers\FileHandler' driver.
CRITICAL - 2023-06-29 12:09:28 --> Undefined variable $config
in APPPATH\Views\auth\login.php on line 1.
 1 APPPATH\Views\auth\login.php(1): CodeIgniter\Debug\Exceptions->errorHandler()
 2 SYSTEMPATH\View\View.php(213): include('APPPATH\\Views\\auth\\login.php')
 3 SYSTEMPATH\View\View.php(216): CodeIgniter\View\View->CodeIgniter\View\{closure}()
 4 SYSTEMPATH\Common.php(1184): CodeIgniter\View\View->render()
 5 APPPATH\Controllers\AlumniController.php(19): view()
 6 SYSTEMPATH\CodeIgniter.php(934): App\Controllers\AlumniController->loginBaru()
 7 SYSTEMPATH\CodeIgniter.php(499): CodeIgniter\CodeIgniter->runController()
 8 SYSTEMPATH\CodeIgniter.php(368): CodeIgniter\CodeIgniter->handleRequest()
 9 FCPATH\index.php(67): CodeIgniter\CodeIgniter->run()
10 SYSTEMPATH\Commands\Server\rewrite.php(47): require_once('FCPATH\\index.php')
INFO - 2023-06-29 12:10:01 --> Session: Class initialized using 'CodeIgniter\Session\Handlers\FileHandler' driver.
CRITICAL - 2023-06-29 12:10:01 --> Undefined variable $config
in APPPATH\Views\auth\login.php on line 1.
 1 APPPATH\Views\auth\login.php(1): CodeIgniter\Debug\Exceptions->errorHandler()
 2 SYSTEMPATH\View\View.php(213): include('APPPATH\\Views\\auth\\login.php')
 3 SYSTEMPATH\View\View.php(216): CodeIgniter\View\View->CodeIgniter\View\{closure}()
 4 SYSTEMPATH\Common.php(1184): CodeIgniter\View\View->render()
 5 APPPATH\Controllers\AlumniController.php(22): view()
 6 SYSTEMPATH\CodeIgniter.php(934): App\Controllers\AlumniController->loginBaru()
 7 SYSTEMPATH\CodeIgniter.php(499): CodeIgniter\CodeIgniter->runController()
 8 SYSTEMPATH\CodeIgniter.php(368): CodeIgniter\CodeIgniter->handleRequest()
 9 FCPATH\index.php(67): CodeIgniter\CodeIgniter->run()
10 SYSTEMPATH\Commands\Server\rewrite.php(47): require_once('FCPATH\\index.php')
INFO - 2023-06-29 12:10:02 --> Session: Class initialized using 'CodeIgniter\Session\Handlers\FileHandler' driver.
CRITICAL - 2023-06-29 12:10:02 --> Undefined variable $config
in APPPATH\Views\auth\login.php on line 1.
 1 APPPATH\Views\auth\login.php(1): CodeIgniter\Debug\Exceptions->errorHandler()
 2 SYSTEMPATH\View\View.php(213): include('APPPATH\\Views\\auth\\login.php')
 3 SYSTEMPATH\View\View.php(216): CodeIgniter\View\View->CodeIgniter\View\{closure}()
 4 SYSTEMPATH\Common.php(1184): CodeIgniter\View\View->render()
 5 APPPATH\Controllers\AlumniController.php(22): view()
 6 SYSTEMPATH\CodeIgniter.php(934): App\Controllers\AlumniController->loginBaru()
 7 SYSTEMPATH\CodeIgniter.php(499): CodeIgniter\CodeIgniter->runController()
 8 SYSTEMPATH\CodeIgniter.php(368): CodeIgniter\CodeIgniter->handleRequest()
 9 FCPATH\index.php(67): CodeIgniter\CodeIgniter->run()
10 SYSTEMPATH\Commands\Server\rewrite.php(47): require_once('FCPATH\\index.php')
INFO - 2023-06-29 12:10:03 --> Session: Class initialized using 'CodeIgniter\Session\Handlers\FileHandler' driver.
CRITICAL - 2023-06-29 12:10:03 --> Undefined variable $config
in APPPATH\Views\auth\login.php on line 1.
 1 APPPATH\Views\auth\login.php(1): CodeIgniter\Debug\Exceptions->errorHandler()
 2 SYSTEMPATH\View\View.php(213): include('APPPATH\\Views\\auth\\login.php')
 3 SYSTEMPATH\View\View.php(216): CodeIgniter\View\View->CodeIgniter\View\{closure}()
 4 SYSTEMPATH\Common.php(1184): CodeIgniter\View\View->render()
 5 APPPATH\Controllers\AlumniController.php(22): view()
 6 SYSTEMPATH\CodeIgniter.php(934): App\Controllers\AlumniController->loginBaru()
 7 SYSTEMPATH\CodeIgniter.php(499): CodeIgniter\CodeIgniter->runController()
 8 SYSTEMPATH\CodeIgniter.php(368): CodeIgniter\CodeIgniter->handleRequest()
 9 FCPATH\index.php(67): CodeIgniter\CodeIgniter->run()
10 SYSTEMPATH\Commands\Server\rewrite.php(47): require_once('FCPATH\\index.php')
INFO - 2023-06-29 12:10:03 --> Session: Class initialized using 'CodeIgniter\Session\Handlers\FileHandler' driver.
CRITICAL - 2023-06-29 12:10:03 --> Undefined variable $config
in APPPATH\Views\auth\login.php on line 1.
 1 APPPATH\Views\auth\login.php(1): CodeIgniter\Debug\Exceptions->errorHandler()
 2 SYSTEMPATH\View\View.php(213): include('APPPATH\\Views\\auth\\login.php')
 3 SYSTEMPATH\View\View.php(216): CodeIgniter\View\View->CodeIgniter\View\{closure}()
 4 SYSTEMPATH\Common.php(1184): CodeIgniter\View\View->render()
 5 APPPATH\Controllers\AlumniController.php(22): view()
 6 SYSTEMPATH\CodeIgniter.php(934): App\Controllers\AlumniController->loginBaru()
 7 SYSTEMPATH\CodeIgniter.php(499): CodeIgniter\CodeIgniter->runController()
 8 SYSTEMPATH\CodeIgniter.php(368): CodeIgniter\CodeIgniter->handleRequest()
 9 FCPATH\index.php(67): CodeIgniter\CodeIgniter->run()
10 SYSTEMPATH\Commands\Server\rewrite.php(47): require_once('FCPATH\\index.php')
INFO - 2023-06-29 12:10:03 --> Session: Class initialized using 'CodeIgniter\Session\Handlers\FileHandler' driver.
CRITICAL - 2023-06-29 12:10:03 --> Undefined variable $config
in APPPATH\Views\auth\login.php on line 1.
 1 APPPATH\Views\auth\login.php(1): CodeIgniter\Debug\Exceptions->errorHandler()
 2 SYSTEMPATH\View\View.php(213): include('APPPATH\\Views\\auth\\login.php')
 3 SYSTEMPATH\View\View.php(216): CodeIgniter\View\View->CodeIgniter\View\{closure}()
 4 SYSTEMPATH\Common.php(1184): CodeIgniter\View\View->render()
 5 APPPATH\Controllers\AlumniController.php(22): view()
 6 SYSTEMPATH\CodeIgniter.php(934): App\Controllers\AlumniController->loginBaru()
 7 SYSTEMPATH\CodeIgniter.php(499): CodeIgniter\CodeIgniter->runController()
 8 SYSTEMPATH\CodeIgniter.php(368): CodeIgniter\CodeIgniter->handleRequest()
 9 FCPATH\index.php(67): CodeIgniter\CodeIgniter->run()
10 SYSTEMPATH\Commands\Server\rewrite.php(47): require_once('FCPATH\\index.php')
INFO - 2023-06-29 12:10:23 --> Session: Class initialized using 'CodeIgniter\Session\Handlers\FileHandler' driver.
INFO - 2023-06-29 12:15:57 --> Session: Class initialized using 'CodeIgniter\Session\Handlers\FileHandler' driver.
INFO - 2023-06-29 12:39:20 --> Session: Class initialized using 'CodeIgniter\Session\Handlers\FileHandler' driver.
INFO - 2023-06-29 12:39:22 --> Session: Class initialized using 'CodeIgniter\Session\Handlers\FileHandler' driver.
INFO - 2023-06-29 12:39:38 --> Session: Class initialized using 'CodeIgniter\Session\Handlers\FileHandler' driver.
INFO - 2023-06-29 12:39:39 --> Session: Class initialized using 'CodeIgniter\Session\Handlers\FileHandler' driver.
INFO - 2023-06-29 12:44:27 --> Session: Class initialized using 'CodeIgniter\Session\Handlers\FileHandler' driver.
INFO - 2023-06-29 12:45:44 --> Session: Class initialized using 'CodeIgniter\Session\Handlers\FileHandler' driver.
INFO - 2023-06-29 12:46:27 --> Session: Class initialized using 'CodeIgniter\Session\Handlers\FileHandler' driver.
INFO - 2023-06-29 12:46:29 --> Session: Class initialized using 'CodeIgniter\Session\Handlers\FileHandler' driver.
INFO - 2023-06-29 12:46:32 --> Session: Class initialized using 'CodeIgniter\Session\Handlers\FileHandler' driver.
INFO - 2023-06-29 12:46:45 --> Session: Class initialized using 'CodeIgniter\Session\Handlers\FileHandler' driver.
INFO - 2023-06-29 12:46:47 --> Session: Class initialized using 'CodeIgniter\Session\Handlers\FileHandler' driver.
INFO - 2023-06-29 12:46:49 --> Session: Class initialized using 'CodeIgniter\Session\Handlers\FileHandler' driver.
INFO - 2023-06-29 12:51:12 --> Session: Class initialized using 'CodeIgniter\Session\Handlers\FileHandler' driver.
INFO - 2023-06-29 12:51:29 --> Session: Class initialized using 'CodeIgniter\Session\Handlers\FileHandler' driver.
INFO - 2023-06-29 12:51:54 --> Session: Class initialized using 'CodeIgniter\Session\Handlers\FileHandler' driver.
ERROR - 2023-06-29 12:51:55 --> [ERROR] 60 : SSL certificate problem: unable to get local issuer certificate VENDORPATH\myth\auth\src\Exceptions\AuthException.php:56
CRITICAL - 2023-06-29 12:51:55 --> 60 : SSL certificate problem: unable to get local issuer certificate
in VENDORPATH\myth\auth\src\Exceptions\AuthException.php on line 56.
 1 VENDORPATH\myth\auth\src\Authentication\Passwords\PwnedValidator.php(46): Myth\Auth\Exceptions\AuthException::forHIBPCurlFail()
 2 VENDORPATH\myth\auth\src\Authentication\Passwords\PasswordValidator.php(46): Myth\Auth\Authentication\Passwords\PwnedValidator->check()
 3 VENDORPATH\myth\auth\src\Authentication\Passwords\ValidationRules.php(42): Myth\Auth\Authentication\Passwords\PasswordValidator->check()
 4 SYSTEMPATH\Validation\Validation.php(311): Myth\Auth\Authentication\Passwords\ValidationRules->strong_password()
 5 SYSTEMPATH\Validation\Validation.php(170): CodeIgniter\Validation\Validation->processRules()
 6 SYSTEMPATH\Controller.php(140): CodeIgniter\Validation\Validation->run()
 7 VENDORPATH\myth\auth\src\Controllers\AuthController.php(165): CodeIgniter\Controller->validate()
 8 SYSTEMPATH\CodeIgniter.php(934): Myth\Auth\Controllers\AuthController->attemptRegister()
 9 SYSTEMPATH\CodeIgniter.php(499): CodeIgniter\CodeIgniter->runController()
10 SYSTEMPATH\CodeIgniter.php(368): CodeIgniter\CodeIgniter->handleRequest()
11 FCPATH\index.php(67): CodeIgniter\CodeIgniter->run()
12 SYSTEMPATH\Commands\Server\rewrite.php(47): require_once('FCPATH\\index.php')
INFO - 2023-06-29 13:07:48 --> Session: Class initialized using 'CodeIgniter\Session\Handlers\FileHandler' driver.
INFO - 2023-06-29 13:07:48 --> Session: Class initialized using 'CodeIgniter\Session\Handlers\FileHandler' driver.
INFO - 2023-06-29 13:07:52 --> Session: Class initialized using 'CodeIgniter\Session\Handlers\FileHandler' driver.
INFO - 2023-06-29 13:08:13 --> Session: Class initialized using 'CodeIgniter\Session\Handlers\FileHandler' driver.
ERROR - 2023-06-29 13:08:13 --> [ERROR] 60 : SSL certificate problem: unable to get local issuer certificate VENDORPATH\myth\auth\src\Exceptions\AuthException.php:56
CRITICAL - 2023-06-29 13:08:13 --> 60 : SSL certificate problem: unable to get local issuer certificate
in VENDORPATH\myth\auth\src\Exceptions\AuthException.php on line 56.
 1 VENDORPATH\myth\auth\src\Authentication\Passwords\PwnedValidator.php(46): Myth\Auth\Exceptions\AuthException::forHIBPCurlFail()
 2 VENDORPATH\myth\auth\src\Authentication\Passwords\PasswordValidator.php(46): Myth\Auth\Authentication\Passwords\PwnedValidator->check()
 3 VENDORPATH\myth\auth\src\Authentication\Passwords\ValidationRules.php(42): Myth\Auth\Authentication\Passwords\PasswordValidator->check()
 4 SYSTEMPATH\Validation\Validation.php(311): Myth\Auth\Authentication\Passwords\ValidationRules->strong_password()
 5 SYSTEMPATH\Validation\Validation.php(170): CodeIgniter\Validation\Validation->processRules()
 6 SYSTEMPATH\Controller.php(140): CodeIgniter\Validation\Validation->run()
 7 VENDORPATH\myth\auth\src\Controllers\AuthController.php(165): CodeIgniter\Controller->validate()
 8 SYSTEMPATH\CodeIgniter.php(934): Myth\Auth\Controllers\AuthController->attemptRegister()
 9 SYSTEMPATH\CodeIgniter.php(499): CodeIgniter\CodeIgniter->runController()
10 SYSTEMPATH\CodeIgniter.php(368): CodeIgniter\CodeIgniter->handleRequest()
11 FCPATH\index.php(67): CodeIgniter\CodeIgniter->run()
12 SYSTEMPATH\Commands\Server\rewrite.php(47): require_once('FCPATH\\index.php')
INFO - 2023-06-29 13:08:59 --> Session: Class initialized using 'CodeIgniter\Session\Handlers\FileHandler' driver.
INFO - 2023-06-29 13:08:59 --> Session: Class initialized using 'CodeIgniter\Session\Handlers\FileHandler' driver.
INFO - 2023-06-29 13:09:05 --> Session: Class initialized using 'CodeIgniter\Session\Handlers\FileHandler' driver.
INFO - 2023-06-29 13:09:24 --> Session: Class initialized using 'CodeIgniter\Session\Handlers\FileHandler' driver.
ERROR - 2023-06-29 13:09:24 --> [ERROR] 60 : SSL certificate problem: unable to get local issuer certificate VENDORPATH\myth\auth\src\Exceptions\AuthException.php:56
CRITICAL - 2023-06-29 13:09:24 --> 60 : SSL certificate problem: unable to get local issuer certificate
in VENDORPATH\myth\auth\src\Exceptions\AuthException.php on line 56.
 1 VENDORPATH\myth\auth\src\Authentication\Passwords\PwnedValidator.php(46): Myth\Auth\Exceptions\AuthException::forHIBPCurlFail()
 2 VENDORPATH\myth\auth\src\Authentication\Passwords\PasswordValidator.php(46): Myth\Auth\Authentication\Passwords\PwnedValidator->check()
 3 VENDORPATH\myth\auth\src\Authentication\Passwords\ValidationRules.php(42): Myth\Auth\Authentication\Passwords\PasswordValidator->check()
 4 SYSTEMPATH\Validation\Validation.php(311): Myth\Auth\Authentication\Passwords\ValidationRules->strong_password()
 5 SYSTEMPATH\Validation\Validation.php(170): CodeIgniter\Validation\Validation->processRules()
 6 SYSTEMPATH\Controller.php(140): CodeIgniter\Validation\Validation->run()
 7 VENDORPATH\myth\auth\src\Controllers\AuthController.php(165): CodeIgniter\Controller->validate()
 8 SYSTEMPATH\CodeIgniter.php(934): Myth\Auth\Controllers\AuthController->attemptRegister()
 9 SYSTEMPATH\CodeIgniter.php(499): CodeIgniter\CodeIgniter->runController()
10 SYSTEMPATH\CodeIgniter.php(368): CodeIgniter\CodeIgniter->handleRequest()
11 FCPATH\index.php(67): CodeIgniter\CodeIgniter->run()
12 SYSTEMPATH\Commands\Server\rewrite.php(47): require_once('FCPATH\\index.php')
INFO - 2023-06-29 13:10:40 --> Session: Class initialized using 'CodeIgniter\Session\Handlers\FileHandler' driver.
INFO - 2023-06-29 13:10:41 --> Session: Class initialized using 'CodeIgniter\Session\Handlers\FileHandler' driver.
INFO - 2023-06-29 13:13:18 --> Session: Class initialized using 'CodeIgniter\Session\Handlers\FileHandler' driver.
INFO - 2023-06-29 13:13:18 --> Session: Class initialized using 'CodeIgniter\Session\Handlers\FileHandler' driver.
INFO - 2023-06-29 13:13:21 --> Session: Class initialized using 'CodeIgniter\Session\Handlers\FileHandler' driver.
INFO - 2023-06-29 13:13:33 --> Session: Class initialized using 'CodeIgniter\Session\Handlers\FileHandler' driver.
ERROR - 2023-06-29 13:13:34 --> [ERROR] 60 : SSL certificate problem: unable to get local issuer certificate VENDORPATH\myth\auth\src\Exceptions\AuthException.php:56
CRITICAL - 2023-06-29 13:13:34 --> 60 : SSL certificate problem: unable to get local issuer certificate
in VENDORPATH\myth\auth\src\Exceptions\AuthException.php on line 56.
 1 VENDORPATH\myth\auth\src\Authentication\Passwords\PwnedValidator.php(46): Myth\Auth\Exceptions\AuthException::forHIBPCurlFail()
 2 VENDORPATH\myth\auth\src\Authentication\Passwords\PasswordValidator.php(46): Myth\Auth\Authentication\Passwords\PwnedValidator->check()
 3 VENDORPATH\myth\auth\src\Authentication\Passwords\ValidationRules.php(42): Myth\Auth\Authentication\Passwords\PasswordValidator->check()
 4 SYSTEMPATH\Validation\Validation.php(311): Myth\Auth\Authentication\Passwords\ValidationRules->strong_password()
 5 SYSTEMPATH\Validation\Validation.php(170): CodeIgniter\Validation\Validation->processRules()
 6 SYSTEMPATH\Controller.php(140): CodeIgniter\Validation\Validation->run()
 7 VENDORPATH\myth\auth\src\Controllers\AuthController.php(165): CodeIgniter\Controller->validate()
 8 SYSTEMPATH\CodeIgniter.php(934): Myth\Auth\Controllers\AuthController->attemptRegister()
 9 SYSTEMPATH\CodeIgniter.php(499): CodeIgniter\CodeIgniter->runController()
10 SYSTEMPATH\CodeIgniter.php(368): CodeIgniter\CodeIgniter->handleRequest()
11 FCPATH\index.php(67): CodeIgniter\CodeIgniter->run()
12 SYSTEMPATH\Commands\Server\rewrite.php(47): require_once('FCPATH\\index.php')
INFO - 2023-06-29 13:17:43 --> Session: Class initialized using 'CodeIgniter\Session\Handlers\FileHandler' driver.
INFO - 2023-06-29 13:17:43 --> Session: Class initialized using 'CodeIgniter\Session\Handlers\FileHandler' driver.
INFO - 2023-06-29 13:17:46 --> Session: Class initialized using 'CodeIgniter\Session\Handlers\FileHandler' driver.
INFO - 2023-06-29 13:17:46 --> Session: Class initialized using 'CodeIgniter\Session\Handlers\FileHandler' driver.
INFO - 2023-06-29 13:17:59 --> Session: Class initialized using 'CodeIgniter\Session\Handlers\FileHandler' driver.
INFO - 2023-06-29 13:18:12 --> Session: Class initialized using 'CodeIgniter\Session\Handlers\FileHandler' driver.
ERROR - 2023-06-29 13:18:12 --> [ERROR] 60 : SSL certificate problem: unable to get local issuer certificate VENDORPATH\myth\auth\src\Exceptions\AuthException.php:56
CRITICAL - 2023-06-29 13:18:12 --> 60 : SSL certificate problem: unable to get local issuer certificate
in VENDORPATH\myth\auth\src\Exceptions\AuthException.php on line 56.
 1 VENDORPATH\myth\auth\src\Authentication\Passwords\PwnedValidator.php(46): Myth\Auth\Exceptions\AuthException::forHIBPCurlFail()
 2 VENDORPATH\myth\auth\src\Authentication\Passwords\PasswordValidator.php(46): Myth\Auth\Authentication\Passwords\PwnedValidator->check()
 3 VENDORPATH\myth\auth\src\Authentication\Passwords\ValidationRules.php(42): Myth\Auth\Authentication\Passwords\PasswordValidator->check()
 4 SYSTEMPATH\Validation\Validation.php(311): Myth\Auth\Authentication\Passwords\ValidationRules->strong_password()
 5 SYSTEMPATH\Validation\Validation.php(170): CodeIgniter\Validation\Validation->processRules()
 6 SYSTEMPATH\Controller.php(140): CodeIgniter\Validation\Validation->run()
 7 VENDORPATH\myth\auth\src\Controllers\AuthController.php(165): CodeIgniter\Controller->validate()
 8 SYSTEMPATH\CodeIgniter.php(934): Myth\Auth\Controllers\AuthController->attemptRegister()
 9 SYSTEMPATH\CodeIgniter.php(499): CodeIgniter\CodeIgniter->runController()
10 SYSTEMPATH\CodeIgniter.php(368): CodeIgniter\CodeIgniter->handleRequest()
11 FCPATH\index.php(67): CodeIgniter\CodeIgniter->run()
12 SYSTEMPATH\Commands\Server\rewrite.php(47): require_once('FCPATH\\index.php')
INFO - 2023-06-29 13:20:57 --> Session: Class initialized using 'CodeIgniter\Session\Handlers\FileHandler' driver.
INFO - 2023-06-29 13:20:58 --> Session: Class initialized using 'CodeIgniter\Session\Handlers\FileHandler' driver.
INFO - 2023-06-29 13:21:10 --> Session: Class initialized using 'CodeIgniter\Session\Handlers\FileHandler' driver.
ERROR - 2023-06-29 13:21:10 --> [ERROR] 60 : SSL certificate problem: unable to get local issuer certificate VENDORPATH\myth\auth\src\Exceptions\AuthException.php:56
CRITICAL - 2023-06-29 13:21:10 --> 60 : SSL certificate problem: unable to get local issuer certificate
in VENDORPATH\myth\auth\src\Exceptions\AuthException.php on line 56.
 1 VENDORPATH\myth\auth\src\Authentication\Passwords\PwnedValidator.php(46): Myth\Auth\Exceptions\AuthException::forHIBPCurlFail()
 2 VENDORPATH\myth\auth\src\Authentication\Passwords\PasswordValidator.php(46): Myth\Auth\Authentication\Passwords\PwnedValidator->check()
 3 VENDORPATH\myth\auth\src\Authentication\Passwords\ValidationRules.php(42): Myth\Auth\Authentication\Passwords\PasswordValidator->check()
 4 SYSTEMPATH\Validation\Validation.php(311): Myth\Auth\Authentication\Passwords\ValidationRules->strong_password()
 5 SYSTEMPATH\Validation\Validation.php(170): CodeIgniter\Validation\Validation->processRules()
 6 SYSTEMPATH\Controller.php(140): CodeIgniter\Validation\Validation->run()
 7 VENDORPATH\myth\auth\src\Controllers\AuthController.php(165): CodeIgniter\Controller->validate()
 8 SYSTEMPATH\CodeIgniter.php(934): Myth\Auth\Controllers\AuthController->attemptRegister()
 9 SYSTEMPATH\CodeIgniter.php(499): CodeIgniter\CodeIgniter->runController()
10 SYSTEMPATH\CodeIgniter.php(368): CodeIgniter\CodeIgniter->handleRequest()
11 FCPATH\index.php(67): CodeIgniter\CodeIgniter->run()
12 SYSTEMPATH\Commands\Server\rewrite.php(47): require_once('FCPATH\\index.php')
INFO - 2023-06-29 13:21:13 --> Session: Class initialized using 'CodeIgniter\Session\Handlers\FileHandler' driver.
ERROR - 2023-06-29 13:21:13 --> [ERROR] 60 : SSL certificate problem: unable to get local issuer certificate VENDORPATH\myth\auth\src\Exceptions\AuthException.php:56
CRITICAL - 2023-06-29 13:21:13 --> 60 : SSL certificate problem: unable to get local issuer certificate
in VENDORPATH\myth\auth\src\Exceptions\AuthException.php on line 56.
 1 VENDORPATH\myth\auth\src\Authentication\Passwords\PwnedValidator.php(46): Myth\Auth\Exceptions\AuthException::forHIBPCurlFail()
 2 VENDORPATH\myth\auth\src\Authentication\Passwords\PasswordValidator.php(46): Myth\Auth\Authentication\Passwords\PwnedValidator->check()
 3 VENDORPATH\myth\auth\src\Authentication\Passwords\ValidationRules.php(42): Myth\Auth\Authentication\Passwords\PasswordValidator->check()
 4 SYSTEMPATH\Validation\Validation.php(311): Myth\Auth\Authentication\Passwords\ValidationRules->strong_password()
 5 SYSTEMPATH\Validation\Validation.php(170): CodeIgniter\Validation\Validation->processRules()
 6 SYSTEMPATH\Controller.php(140): CodeIgniter\Validation\Validation->run()
 7 VENDORPATH\myth\auth\src\Controllers\AuthController.php(165): CodeIgniter\Controller->validate()
 8 SYSTEMPATH\CodeIgniter.php(934): Myth\Auth\Controllers\AuthController->attemptRegister()
 9 SYSTEMPATH\CodeIgniter.php(499): CodeIgniter\CodeIgniter->runController()
10 SYSTEMPATH\CodeIgniter.php(368): CodeIgniter\CodeIgniter->handleRequest()
11 FCPATH\index.php(67): CodeIgniter\CodeIgniter->run()
12 SYSTEMPATH\Commands\Server\rewrite.php(47): require_once('FCPATH\\index.php')
INFO - 2023-06-29 13:21:14 --> Session: Class initialized using 'CodeIgniter\Session\Handlers\FileHandler' driver.
ERROR - 2023-06-29 13:21:14 --> [ERROR] 60 : SSL certificate problem: unable to get local issuer certificate VENDORPATH\myth\auth\src\Exceptions\AuthException.php:56
CRITICAL - 2023-06-29 13:21:14 --> 60 : SSL certificate problem: unable to get local issuer certificate
in VENDORPATH\myth\auth\src\Exceptions\AuthException.php on line 56.
 1 VENDORPATH\myth\auth\src\Authentication\Passwords\PwnedValidator.php(46): Myth\Auth\Exceptions\AuthException::forHIBPCurlFail()
 2 VENDORPATH\myth\auth\src\Authentication\Passwords\PasswordValidator.php(46): Myth\Auth\Authentication\Passwords\PwnedValidator->check()
 3 VENDORPATH\myth\auth\src\Authentication\Passwords\ValidationRules.php(42): Myth\Auth\Authentication\Passwords\PasswordValidator->check()
 4 SYSTEMPATH\Validation\Validation.php(311): Myth\Auth\Authentication\Passwords\ValidationRules->strong_password()
 5 SYSTEMPATH\Validation\Validation.php(170): CodeIgniter\Validation\Validation->processRules()
 6 SYSTEMPATH\Controller.php(140): CodeIgniter\Validation\Validation->run()
 7 VENDORPATH\myth\auth\src\Controllers\AuthController.php(165): CodeIgniter\Controller->validate()
 8 SYSTEMPATH\CodeIgniter.php(934): Myth\Auth\Controllers\AuthController->attemptRegister()
 9 SYSTEMPATH\CodeIgniter.php(499): CodeIgniter\CodeIgniter->runController()
10 SYSTEMPATH\CodeIgniter.php(368): CodeIgniter\CodeIgniter->handleRequest()
11 FCPATH\index.php(67): CodeIgniter\CodeIgniter->run()
12 SYSTEMPATH\Commands\Server\rewrite.php(47): require_once('FCPATH\\index.php')
INFO - 2023-06-29 13:21:14 --> Session: Class initialized using 'CodeIgniter\Session\Handlers\FileHandler' driver.
ERROR - 2023-06-29 13:21:15 --> [ERROR] 60 : SSL certificate problem: unable to get local issuer certificate VENDORPATH\myth\auth\src\Exceptions\AuthException.php:56
CRITICAL - 2023-06-29 13:21:15 --> 60 : SSL certificate problem: unable to get local issuer certificate
in VENDORPATH\myth\auth\src\Exceptions\AuthException.php on line 56.
 1 VENDORPATH\myth\auth\src\Authentication\Passwords\PwnedValidator.php(46): Myth\Auth\Exceptions\AuthException::forHIBPCurlFail()
 2 VENDORPATH\myth\auth\src\Authentication\Passwords\PasswordValidator.php(46): Myth\Auth\Authentication\Passwords\PwnedValidator->check()
 3 VENDORPATH\myth\auth\src\Authentication\Passwords\ValidationRules.php(42): Myth\Auth\Authentication\Passwords\PasswordValidator->check()
 4 SYSTEMPATH\Validation\Validation.php(311): Myth\Auth\Authentication\Passwords\ValidationRules->strong_password()
 5 SYSTEMPATH\Validation\Validation.php(170): CodeIgniter\Validation\Validation->processRules()
 6 SYSTEMPATH\Controller.php(140): CodeIgniter\Validation\Validation->run()
 7 VENDORPATH\myth\auth\src\Controllers\AuthController.php(165): CodeIgniter\Controller->validate()
 8 SYSTEMPATH\CodeIgniter.php(934): Myth\Auth\Controllers\AuthController->attemptRegister()
 9 SYSTEMPATH\CodeIgniter.php(499): CodeIgniter\CodeIgniter->runController()
10 SYSTEMPATH\CodeIgniter.php(368): CodeIgniter\CodeIgniter->handleRequest()
11 FCPATH\index.php(67): CodeIgniter\CodeIgniter->run()
12 SYSTEMPATH\Commands\Server\rewrite.php(47): require_once('FCPATH\\index.php')
INFO - 2023-06-29 13:21:30 --> Session: Class initialized using 'CodeIgniter\Session\Handlers\FileHandler' driver.
INFO - 2023-06-29 13:21:31 --> Session: Class initialized using 'CodeIgniter\Session\Handlers\FileHandler' driver.
INFO - 2023-06-29 13:21:43 --> Session: Class initialized using 'CodeIgniter\Session\Handlers\FileHandler' driver.
ERROR - 2023-06-29 13:21:43 --> [ERROR] 60 : SSL certificate problem: unable to get local issuer certificate VENDORPATH\myth\auth\src\Exceptions\AuthException.php:56
CRITICAL - 2023-06-29 13:21:43 --> 60 : SSL certificate problem: unable to get local issuer certificate
in VENDORPATH\myth\auth\src\Exceptions\AuthException.php on line 56.
 1 VENDORPATH\myth\auth\src\Authentication\Passwords\PwnedValidator.php(46): Myth\Auth\Exceptions\AuthException::forHIBPCurlFail()
 2 VENDORPATH\myth\auth\src\Authentication\Passwords\PasswordValidator.php(46): Myth\Auth\Authentication\Passwords\PwnedValidator->check()
 3 VENDORPATH\myth\auth\src\Authentication\Passwords\ValidationRules.php(42): Myth\Auth\Authentication\Passwords\PasswordValidator->check()
 4 SYSTEMPATH\Validation\Validation.php(311): Myth\Auth\Authentication\Passwords\ValidationRules->strong_password()
 5 SYSTEMPATH\Validation\Validation.php(170): CodeIgniter\Validation\Validation->processRules()
 6 SYSTEMPATH\Controller.php(140): CodeIgniter\Validation\Validation->run()
 7 VENDORPATH\myth\auth\src\Controllers\AuthController.php(165): CodeIgniter\Controller->validate()
 8 SYSTEMPATH\CodeIgniter.php(934): Myth\Auth\Controllers\AuthController->attemptRegister()
 9 SYSTEMPATH\CodeIgniter.php(499): CodeIgniter\CodeIgniter->runController()
10 SYSTEMPATH\CodeIgniter.php(368): CodeIgniter\CodeIgniter->handleRequest()
11 FCPATH\index.php(67): CodeIgniter\CodeIgniter->run()
12 SYSTEMPATH\Commands\Server\rewrite.php(47): require_once('FCPATH\\index.php')
INFO - 2023-06-29 13:24:17 --> Session: Class initialized using 'CodeIgniter\Session\Handlers\FileHandler' driver.
INFO - 2023-06-29 13:24:18 --> Session: Class initialized using 'CodeIgniter\Session\Handlers\FileHandler' driver.
INFO - 2023-06-29 13:24:24 --> Session: Class initialized using 'CodeIgniter\Session\Handlers\FileHandler' driver.
INFO - 2023-06-29 13:24:35 --> Session: Class initialized using 'CodeIgniter\Session\Handlers\FileHandler' driver.
ERROR - 2023-06-29 13:24:35 --> [ERROR] 60 : SSL certificate problem: unable to get local issuer certificate VENDORPATH\myth\auth\src\Exceptions\AuthException.php:56
CRITICAL - 2023-06-29 13:24:35 --> 60 : SSL certificate problem: unable to get local issuer certificate
in VENDORPATH\myth\auth\src\Exceptions\AuthException.php on line 56.
 1 VENDORPATH\myth\auth\src\Authentication\Passwords\PwnedValidator.php(46): Myth\Auth\Exceptions\AuthException::forHIBPCurlFail()
 2 VENDORPATH\myth\auth\src\Authentication\Passwords\PasswordValidator.php(46): Myth\Auth\Authentication\Passwords\PwnedValidator->check()
 3 VENDORPATH\myth\auth\src\Authentication\Passwords\ValidationRules.php(42): Myth\Auth\Authentication\Passwords\PasswordValidator->check()
 4 SYSTEMPATH\Validation\Validation.php(311): Myth\Auth\Authentication\Passwords\ValidationRules->strong_password()
 5 SYSTEMPATH\Validation\Validation.php(170): CodeIgniter\Validation\Validation->processRules()
 6 SYSTEMPATH\Controller.php(140): CodeIgniter\Validation\Validation->run()
 7 VENDORPATH\myth\auth\src\Controllers\AuthController.php(165): CodeIgniter\Controller->validate()
 8 SYSTEMPATH\CodeIgniter.php(934): Myth\Auth\Controllers\AuthController->attemptRegister()
 9 SYSTEMPATH\CodeIgniter.php(499): CodeIgniter\CodeIgniter->runController()
10 SYSTEMPATH\CodeIgniter.php(368): CodeIgniter\CodeIgniter->handleRequest()
11 FCPATH\index.php(67): CodeIgniter\CodeIgniter->run()
12 SYSTEMPATH\Commands\Server\rewrite.php(47): require_once('FCPATH\\index.php')
INFO - 2023-06-29 13:25:23 --> Session: Class initialized using 'CodeIgniter\Session\Handlers\FileHandler' driver.
INFO - 2023-06-29 13:25:23 --> Session: Class initialized using 'CodeIgniter\Session\Handlers\FileHandler' driver.
INFO - 2023-06-29 13:25:27 --> Session: Class initialized using 'CodeIgniter\Session\Handlers\FileHandler' driver.
INFO - 2023-06-29 13:25:41 --> Session: Class initialized using 'CodeIgniter\Session\Handlers\FileHandler' driver.
ERROR - 2023-06-29 13:25:41 --> [ERROR] 60 : SSL certificate problem: unable to get local issuer certificate VENDORPATH\myth\auth\src\Exceptions\AuthException.php:56
CRITICAL - 2023-06-29 13:25:41 --> 60 : SSL certificate problem: unable to get local issuer certificate
in VENDORPATH\myth\auth\src\Exceptions\AuthException.php on line 56.
 1 VENDORPATH\myth\auth\src\Authentication\Passwords\PwnedValidator.php(46): Myth\Auth\Exceptions\AuthException::forHIBPCurlFail()
 2 VENDORPATH\myth\auth\src\Authentication\Passwords\PasswordValidator.php(46): Myth\Auth\Authentication\Passwords\PwnedValidator->check()
 3 VENDORPATH\myth\auth\src\Authentication\Passwords\ValidationRules.php(42): Myth\Auth\Authentication\Passwords\PasswordValidator->check()
 4 SYSTEMPATH\Validation\Validation.php(311): Myth\Auth\Authentication\Passwords\ValidationRules->strong_password()
 5 SYSTEMPATH\Validation\Validation.php(170): CodeIgniter\Validation\Validation->processRules()
 6 SYSTEMPATH\Controller.php(140): CodeIgniter\Validation\Validation->run()
 7 VENDORPATH\myth\auth\src\Controllers\AuthController.php(165): CodeIgniter\Controller->validate()
 8 SYSTEMPATH\CodeIgniter.php(934): Myth\Auth\Controllers\AuthController->attemptRegister()
 9 SYSTEMPATH\CodeIgniter.php(499): CodeIgniter\CodeIgniter->runController()
10 SYSTEMPATH\CodeIgniter.php(368): CodeIgniter\CodeIgniter->handleRequest()
11 FCPATH\index.php(67): CodeIgniter\CodeIgniter->run()
12 SYSTEMPATH\Commands\Server\rewrite.php(47): require_once('FCPATH\\index.php')
INFO - 2023-06-29 13:26:13 --> Session: Class initialized using 'CodeIgniter\Session\Handlers\FileHandler' driver.
INFO - 2023-06-29 13:26:14 --> Session: Class initialized using 'CodeIgniter\Session\Handlers\FileHandler' driver.
INFO - 2023-06-29 13:26:26 --> Session: Class initialized using 'CodeIgniter\Session\Handlers\FileHandler' driver.
INFO - 2023-06-29 13:26:26 --> Session: Class initialized using 'CodeIgniter\Session\Handlers\FileHandler' driver.
INFO - 2023-06-29 13:26:41 --> Session: Class initialized using 'CodeIgniter\Session\Handlers\FileHandler' driver.
CRITICAL - 2023-06-29 13:26:41 --> Call to undefined method Myth\Auth\Exceptions\AuthException::forHIBPCurlFail()
in VENDORPATH\myth\auth\src\Authentication\Passwords\PwnedValidator.php on line 46.
 1 VENDORPATH\myth\auth\src\Authentication\Passwords\PasswordValidator.php(46): Myth\Auth\Authentication\Passwords\PwnedValidator->check()
 2 VENDORPATH\myth\auth\src\Authentication\Passwords\ValidationRules.php(42): Myth\Auth\Authentication\Passwords\PasswordValidator->check()
 3 SYSTEMPATH\Validation\Validation.php(311): Myth\Auth\Authentication\Passwords\ValidationRules->strong_password()
 4 SYSTEMPATH\Validation\Validation.php(170): CodeIgniter\Validation\Validation->processRules()
 5 SYSTEMPATH\Controller.php(140): CodeIgniter\Validation\Validation->run()
 6 VENDORPATH\myth\auth\src\Controllers\AuthController.php(165): CodeIgniter\Controller->validate()
 7 SYSTEMPATH\CodeIgniter.php(934): Myth\Auth\Controllers\AuthController->attemptRegister()
 8 SYSTEMPATH\CodeIgniter.php(499): CodeIgniter\CodeIgniter->runController()
 9 SYSTEMPATH\CodeIgniter.php(368): CodeIgniter\CodeIgniter->handleRequest()
10 FCPATH\index.php(67): CodeIgniter\CodeIgniter->run()
11 SYSTEMPATH\Commands\Server\rewrite.php(47): require_once('FCPATH\\index.php')
INFO - 2023-06-29 13:27:34 --> Session: Class initialized using 'CodeIgniter\Session\Handlers\FileHandler' driver.
ERROR - 2023-06-29 13:27:34 --> [ERROR] 60 : SSL certificate problem: unable to get local issuer certificate VENDORPATH\myth\auth\src\Exceptions\AuthException.php:56
CRITICAL - 2023-06-29 13:27:34 --> 60 : SSL certificate problem: unable to get local issuer certificate
in VENDORPATH\myth\auth\src\Exceptions\AuthException.php on line 56.
 1 VENDORPATH\myth\auth\src\Authentication\Passwords\PwnedValidator.php(46): Myth\Auth\Exceptions\AuthException::forHIBPCurlFail()
 2 VENDORPATH\myth\auth\src\Authentication\Passwords\PasswordValidator.php(46): Myth\Auth\Authentication\Passwords\PwnedValidator->check()
 3 VENDORPATH\myth\auth\src\Authentication\Passwords\ValidationRules.php(42): Myth\Auth\Authentication\Passwords\PasswordValidator->check()
 4 SYSTEMPATH\Validation\Validation.php(311): Myth\Auth\Authentication\Passwords\ValidationRules->strong_password()
 5 SYSTEMPATH\Validation\Validation.php(170): CodeIgniter\Validation\Validation->processRules()
 6 SYSTEMPATH\Controller.php(140): CodeIgniter\Validation\Validation->run()
 7 VENDORPATH\myth\auth\src\Controllers\AuthController.php(165): CodeIgniter\Controller->validate()
 8 SYSTEMPATH\CodeIgniter.php(934): Myth\Auth\Controllers\AuthController->attemptRegister()
 9 SYSTEMPATH\CodeIgniter.php(499): CodeIgniter\CodeIgniter->runController()
10 SYSTEMPATH\CodeIgniter.php(368): CodeIgniter\CodeIgniter->handleRequest()
11 FCPATH\index.php(67): CodeIgniter\CodeIgniter->run()
12 SYSTEMPATH\Commands\Server\rewrite.php(47): require_once('FCPATH\\index.php')
INFO - 2023-06-29 13:33:08 --> Session: Class initialized using 'CodeIgniter\Session\Handlers\FileHandler' driver.
ERROR - 2023-06-29 13:33:08 --> [ERROR] 60 : SSL certificate problem: unable to get local issuer certificate VENDORPATH\myth\auth\src\Exceptions\AuthException.php:56
CRITICAL - 2023-06-29 13:33:08 --> 60 : SSL certificate problem: unable to get local issuer certificate
in VENDORPATH\myth\auth\src\Exceptions\AuthException.php on line 56.
 1 VENDORPATH\myth\auth\src\Authentication\Passwords\PwnedValidator.php(46): Myth\Auth\Exceptions\AuthException::forHIBPCurlFail()
 2 VENDORPATH\myth\auth\src\Authentication\Passwords\PasswordValidator.php(46): Myth\Auth\Authentication\Passwords\PwnedValidator->check()
 3 VENDORPATH\myth\auth\src\Authentication\Passwords\ValidationRules.php(42): Myth\Auth\Authentication\Passwords\PasswordValidator->check()
 4 SYSTEMPATH\Validation\Validation.php(311): Myth\Auth\Authentication\Passwords\ValidationRules->strong_password()
 5 SYSTEMPATH\Validation\Validation.php(170): CodeIgniter\Validation\Validation->processRules()
 6 SYSTEMPATH\Controller.php(140): CodeIgniter\Validation\Validation->run()
 7 VENDORPATH\myth\auth\src\Controllers\AuthController.php(165): CodeIgniter\Controller->validate()
 8 SYSTEMPATH\CodeIgniter.php(934): Myth\Auth\Controllers\AuthController->attemptRegister()
 9 SYSTEMPATH\CodeIgniter.php(499): CodeIgniter\CodeIgniter->runController()
10 SYSTEMPATH\CodeIgniter.php(368): CodeIgniter\CodeIgniter->handleRequest()
11 FCPATH\index.php(67): CodeIgniter\CodeIgniter->run()
12 SYSTEMPATH\Commands\Server\rewrite.php(47): require_once('FCPATH\\index.php')
INFO - 2023-06-29 13:33:09 --> Session: Class initialized using 'CodeIgniter\Session\Handlers\FileHandler' driver.
ERROR - 2023-06-29 13:33:09 --> [ERROR] 60 : SSL certificate problem: unable to get local issuer certificate VENDORPATH\myth\auth\src\Exceptions\AuthException.php:56
CRITICAL - 2023-06-29 13:33:09 --> 60 : SSL certificate problem: unable to get local issuer certificate
in VENDORPATH\myth\auth\src\Exceptions\AuthException.php on line 56.
 1 VENDORPATH\myth\auth\src\Authentication\Passwords\PwnedValidator.php(46): Myth\Auth\Exceptions\AuthException::forHIBPCurlFail()
 2 VENDORPATH\myth\auth\src\Authentication\Passwords\PasswordValidator.php(46): Myth\Auth\Authentication\Passwords\PwnedValidator->check()
 3 VENDORPATH\myth\auth\src\Authentication\Passwords\ValidationRules.php(42): Myth\Auth\Authentication\Passwords\PasswordValidator->check()
 4 SYSTEMPATH\Validation\Validation.php(311): Myth\Auth\Authentication\Passwords\ValidationRules->strong_password()
 5 SYSTEMPATH\Validation\Validation.php(170): CodeIgniter\Validation\Validation->processRules()
 6 SYSTEMPATH\Controller.php(140): CodeIgniter\Validation\Validation->run()
 7 VENDORPATH\myth\auth\src\Controllers\AuthController.php(165): CodeIgniter\Controller->validate()
 8 SYSTEMPATH\CodeIgniter.php(934): Myth\Auth\Controllers\AuthController->attemptRegister()
 9 SYSTEMPATH\CodeIgniter.php(499): CodeIgniter\CodeIgniter->runController()
10 SYSTEMPATH\CodeIgniter.php(368): CodeIgniter\CodeIgniter->handleRequest()
11 FCPATH\index.php(67): CodeIgniter\CodeIgniter->run()
12 SYSTEMPATH\Commands\Server\rewrite.php(47): require_once('FCPATH\\index.php')
INFO - 2023-06-29 13:33:11 --> Session: Class initialized using 'CodeIgniter\Session\Handlers\FileHandler' driver.
INFO - 2023-06-29 13:33:13 --> Session: Class initialized using 'CodeIgniter\Session\Handlers\FileHandler' driver.
INFO - 2023-06-29 13:33:23 --> Session: Class initialized using 'CodeIgniter\Session\Handlers\FileHandler' driver.
INFO - 2023-06-29 13:33:23 --> Session: Class initialized using 'CodeIgniter\Session\Handlers\FileHandler' driver.
INFO - 2023-06-29 13:33:29 --> Session: Class initialized using 'CodeIgniter\Session\Handlers\FileHandler' driver.
INFO - 2023-06-29 13:33:41 --> Session: Class initialized using 'CodeIgniter\Session\Handlers\FileHandler' driver.
ERROR - 2023-06-29 13:33:41 --> [ERROR] 60 : SSL certificate problem: unable to get local issuer certificate VENDORPATH\myth\auth\src\Exceptions\AuthException.php:56
CRITICAL - 2023-06-29 13:33:41 --> 60 : SSL certificate problem: unable to get local issuer certificate
in VENDORPATH\myth\auth\src\Exceptions\AuthException.php on line 56.
 1 VENDORPATH\myth\auth\src\Authentication\Passwords\PwnedValidator.php(46): Myth\Auth\Exceptions\AuthException::forHIBPCurlFail()
 2 VENDORPATH\myth\auth\src\Authentication\Passwords\PasswordValidator.php(46): Myth\Auth\Authentication\Passwords\PwnedValidator->check()
 3 VENDORPATH\myth\auth\src\Authentication\Passwords\ValidationRules.php(42): Myth\Auth\Authentication\Passwords\PasswordValidator->check()
 4 SYSTEMPATH\Validation\Validation.php(311): Myth\Auth\Authentication\Passwords\ValidationRules->strong_password()
 5 SYSTEMPATH\Validation\Validation.php(170): CodeIgniter\Validation\Validation->processRules()
 6 SYSTEMPATH\Controller.php(140): CodeIgniter\Validation\Validation->run()
 7 VENDORPATH\myth\auth\src\Controllers\AuthController.php(165): CodeIgniter\Controller->validate()
 8 SYSTEMPATH\CodeIgniter.php(934): Myth\Auth\Controllers\AuthController->attemptRegister()
 9 SYSTEMPATH\CodeIgniter.php(499): CodeIgniter\CodeIgniter->runController()
10 SYSTEMPATH\CodeIgniter.php(368): CodeIgniter\CodeIgniter->handleRequest()
11 FCPATH\index.php(67): CodeIgniter\CodeIgniter->run()
12 SYSTEMPATH\Commands\Server\rewrite.php(47): require_once('FCPATH\\index.php')
INFO - 2023-06-29 13:35:59 --> Session: Class initialized using 'CodeIgniter\Session\Handlers\FileHandler' driver.
INFO - 2023-06-29 13:36:00 --> Session: Class initialized using 'CodeIgniter\Session\Handlers\FileHandler' driver.
INFO - 2023-06-29 13:36:04 --> Session: Class initialized using 'CodeIgniter\Session\Handlers\FileHandler' driver.
INFO - 2023-06-29 13:36:21 --> Session: Class initialized using 'CodeIgniter\Session\Handlers\FileHandler' driver.
CRITICAL - 2023-06-29 13:36:22 --> Class name must be a valid object or a string
in VENDORPATH\myth\auth\src\Config\Services.php on line 81.
 1 SYSTEMPATH\Config\BaseService.php(252): Myth\Auth\Config\Services::activator()
 2 SYSTEMPATH\Config\BaseService.php(193): CodeIgniter\Config\BaseService::__callStatic()
 3 VENDORPATH\myth\auth\src\Config\Services.php(74): CodeIgniter\Config\BaseService::getSharedInstance()
 4 SYSTEMPATH\Config\BaseService.php(252): Myth\Auth\Config\Services::activator()
 5 SYSTEMPATH\Common.php(1016): CodeIgniter\Config\BaseService::__callStatic()
 6 VENDORPATH\myth\auth\src\Controllers\AuthController.php(185): service()
 7 SYSTEMPATH\CodeIgniter.php(934): Myth\Auth\Controllers\AuthController->attemptRegister()
 8 SYSTEMPATH\CodeIgniter.php(499): CodeIgniter\CodeIgniter->runController()
 9 SYSTEMPATH\CodeIgniter.php(368): CodeIgniter\CodeIgniter->handleRequest()
10 FCPATH\index.php(67): CodeIgniter\CodeIgniter->run()
11 SYSTEMPATH\Commands\Server\rewrite.php(47): require_once('FCPATH\\index.php')
INFO - 2023-06-29 13:40:16 --> Session: Class initialized using 'CodeIgniter\Session\Handlers\FileHandler' driver.
INFO - 2023-06-29 13:40:17 --> Session: Class initialized using 'CodeIgniter\Session\Handlers\FileHandler' driver.
INFO - 2023-06-29 13:40:30 --> Session: Class initialized using 'CodeIgniter\Session\Handlers\FileHandler' driver.
INFO - 2023-06-29 13:40:46 --> Session: Class initialized using 'CodeIgniter\Session\Handlers\FileHandler' driver.
INFO - 2023-06-29 13:40:46 --> Session: Class initialized using 'CodeIgniter\Session\Handlers\FileHandler' driver.
INFO - 2023-06-29 13:41:04 --> Session: Class initialized using 'CodeIgniter\Session\Handlers\FileHandler' driver.
INFO - 2023-06-29 13:41:05 --> Session: Class initialized using 'CodeIgniter\Session\Handlers\FileHandler' driver.
INFO - 2023-06-29 13:41:17 --> Session: Class initialized using 'CodeIgniter\Session\Handlers\FileHandler' driver.
INFO - 2023-06-29 13:41:18 --> Session: Class initialized using 'CodeIgniter\Session\Handlers\FileHandler' driver.
INFO - 2023-06-29 13:41:56 --> Session: Class initialized using 'CodeIgniter\Session\Handlers\FileHandler' driver.
INFO - 2023-06-29 13:41:56 --> Session: Class initialized using 'CodeIgniter\Session\Handlers\FileHandler' driver.
INFO - 2023-06-29 13:42:04 --> Session: Class initialized using 'CodeIgniter\Session\Handlers\FileHandler' driver.
INFO - 2023-06-29 13:42:17 --> Session: Class initialized using 'CodeIgniter\Session\Handlers\FileHandler' driver.
INFO - 2023-06-29 13:45:57 --> Session: Class initialized using 'CodeIgniter\Session\Handlers\FileHandler' driver.
INFO - 2023-06-29 13:46:03 --> Session: Class initialized using 'CodeIgniter\Session\Handlers\FileHandler' driver.
INFO - 2023-06-29 13:53:37 --> Session: Class initialized using 'CodeIgniter\Session\Handlers\FileHandler' driver.
INFO - 2023-06-29 13:53:48 --> Session: Class initialized using 'CodeIgniter\Session\Handlers\FileHandler' driver.
INFO - 2023-06-29 13:53:48 --> Session: Class initialized using 'CodeIgniter\Session\Handlers\FileHandler' driver.
INFO - 2023-06-29 13:53:55 --> Session: Class initialized using 'CodeIgniter\Session\Handlers\FileHandler' driver.
INFO - 2023-06-29 13:54:11 --> Session: Class initialized using 'CodeIgniter\Session\Handlers\FileHandler' driver.
INFO - 2023-06-29 13:55:51 --> Session: Class initialized using 'CodeIgniter\Session\Handlers\FileHandler' driver.
INFO - 2023-06-29 13:55:51 --> Session: Class initialized using 'CodeIgniter\Session\Handlers\FileHandler' driver.
INFO - 2023-06-29 13:55:52 --> Session: Class initialized using 'CodeIgniter\Session\Handlers\FileHandler' driver.
INFO - 2023-06-29 13:55:52 --> Session: Class initialized using 'CodeIgniter\Session\Handlers\FileHandler' driver.
INFO - 2023-06-29 13:56:00 --> Session: Class initialized using 'CodeIgniter\Session\Handlers\FileHandler' driver.
INFO - 2023-06-29 13:57:20 --> Session: Class initialized using 'CodeIgniter\Session\Handlers\FileHandler' driver.
INFO - 2023-06-29 13:57:23 --> Session: Class initialized using 'CodeIgniter\Session\Handlers\FileHandler' driver.
INFO - 2023-06-29 13:57:24 --> Session: Class initialized using 'CodeIgniter\Session\Handlers\FileHandler' driver.
INFO - 2023-06-29 13:57:31 --> Session: Class initialized using 'CodeIgniter\Session\Handlers\FileHandler' driver.
INFO - 2023-06-29 13:57:45 --> Session: Class initialized using 'CodeIgniter\Session\Handlers\FileHandler' driver.
INFO - 2023-06-29 14:03:48 --> Session: Class initialized using 'CodeIgniter\Session\Handlers\FileHandler' driver.
INFO - 2023-06-29 14:03:48 --> Session: Class initialized using 'CodeIgniter\Session\Handlers\FileHandler' driver.
INFO - 2023-06-29 14:03:55 --> Session: Class initialized using 'CodeIgniter\Session\Handlers\FileHandler' driver.
INFO - 2023-06-29 14:03:59 --> Session: Class initialized using 'CodeIgniter\Session\Handlers\FileHandler' driver.
INFO - 2023-06-29 14:05:11 --> Session: Class initialized using 'CodeIgniter\Session\Handlers\FileHandler' driver.
INFO - 2023-06-29 14:05:16 --> Session: Class initialized using 'CodeIgniter\Session\Handlers\FileHandler' driver.
ERROR - 2023-06-29 14:05:16 --> mysqli_sql_exception: Table 'db_alumni.dataalumni' doesn't exist in D:\Coding\AlumniKU\ProjectAlumni\system\Database\MySQLi\Connection.php:295
Stack trace:
#0 D:\Coding\AlumniKU\ProjectAlumni\system\Database\MySQLi\Connection.php(295): mysqli->query()
#1 D:\Coding\AlumniKU\ProjectAlumni\system\Database\BaseConnection.php(691): CodeIgniter\Database\MySQLi\Connection->execute()
#2 D:\Coding\AlumniKU\ProjectAlumni\system\Database\BaseConnection.php(605): CodeIgniter\Database\BaseConnection->simpleQuery()
#3 D:\Coding\AlumniKU\ProjectAlumni\system\Database\BaseBuilder.php(1616): CodeIgniter\Database\BaseConnection->query()
#4 D:\Coding\AlumniKU\ProjectAlumni\system\Model.php(241): CodeIgniter\Database\BaseBuilder->get()
#5 D:\Coding\AlumniKU\ProjectAlumni\system\BaseModel.php(618): CodeIgniter\Model->doFindAll()
#6 D:\Coding\AlumniKU\ProjectAlumni\app\Controllers\AlumniController.php(47): CodeIgniter\BaseModel->findAll()
#7 D:\Coding\AlumniKU\ProjectAlumni\system\CodeIgniter.php(934): App\Controllers\AlumniController->cariAlumni()
#8 D:\Coding\AlumniKU\ProjectAlumni\system\CodeIgniter.php(499): CodeIgniter\CodeIgniter->runController()
#9 D:\Coding\AlumniKU\ProjectAlumni\system\CodeIgniter.php(368): CodeIgniter\CodeIgniter->handleRequest()
#10 D:\Coding\AlumniKU\ProjectAlumni\public\index.php(67): CodeIgniter\CodeIgniter->run()
#11 D:\Coding\AlumniKU\ProjectAlumni\system\Commands\Server\rewrite.php(47): require_once('...')
#12 {main}
CRITICAL - 2023-06-29 14:05:16 --> Table 'db_alumni.dataalumni' doesn't exist
in SYSTEMPATH\Database\BaseConnection.php on line 645.
 1 SYSTEMPATH\Database\BaseBuilder.php(1616): CodeIgniter\Database\BaseConnection->query()
 2 SYSTEMPATH\Model.php(241): CodeIgniter\Database\BaseBuilder->get()
 3 SYSTEMPATH\BaseModel.php(618): CodeIgniter\Model->doFindAll()
 4 APPPATH\Controllers\AlumniController.php(47): CodeIgniter\BaseModel->findAll()
 5 SYSTEMPATH\CodeIgniter.php(934): App\Controllers\AlumniController->cariAlumni()
 6 SYSTEMPATH\CodeIgniter.php(499): CodeIgniter\CodeIgniter->runController()
 7 SYSTEMPATH\CodeIgniter.php(368): CodeIgniter\CodeIgniter->handleRequest()
 8 FCPATH\index.php(67): CodeIgniter\CodeIgniter->run()
 9 SYSTEMPATH\Commands\Server\rewrite.php(47): require_once('FCPATH\\index.php')
INFO - 2023-06-29 14:05:17 --> Session: Class initialized using 'CodeIgniter\Session\Handlers\FileHandler' driver.
INFO - 2023-06-29 14:05:23 --> Session: Class initialized using 'CodeIgniter\Session\Handlers\FileHandler' driver.
INFO - 2023-06-29 14:05:34 --> Session: Class initialized using 'CodeIgniter\Session\Handlers\FileHandler' driver.
INFO - 2023-06-29 14:05:41 --> Session: Class initialized using 'CodeIgniter\Session\Handlers\FileHandler' driver.
INFO - 2023-06-29 14:06:39 --> Session: Class initialized using 'CodeIgniter\Session\Handlers\FileHandler' driver.
INFO - 2023-06-29 14:06:47 --> Session: Class initialized using 'CodeIgniter\Session\Handlers\FileHandler' driver.
INFO - 2023-06-29 14:06:52 --> Session: Class initialized using 'CodeIgniter\Session\Handlers\FileHandler' driver.
INFO - 2023-06-29 14:07:22 --> Session: Class initialized using 'CodeIgniter\Session\Handlers\FileHandler' driver.
INFO - 2023-06-29 14:07:27 --> Session: Class initialized using 'CodeIgniter\Session\Handlers\FileHandler' driver.
INFO - 2023-06-29 14:07:27 --> Session: Class initialized using 'CodeIgniter\Session\Handlers\FileHandler' driver.
INFO - 2023-06-29 14:07:34 --> Session: Class initialized using 'CodeIgniter\Session\Handlers\FileHandler' driver.
INFO - 2023-06-29 14:07:47 --> Session: Class initialized using 'CodeIgniter\Session\Handlers\FileHandler' driver.
INFO - 2023-06-29 14:08:28 --> Session: Class initialized using 'CodeIgniter\Session\Handlers\FileHandler' driver.
INFO - 2023-06-29 14:08:28 --> Session: Class initialized using 'CodeIgniter\Session\Handlers\FileHandler' driver.
INFO - 2023-06-29 14:08:34 --> Session: Class initialized using 'CodeIgniter\Session\Handlers\FileHandler' driver.
INFO - 2023-06-29 14:08:50 --> Session: Class initialized using 'CodeIgniter\Session\Handlers\FileHandler' driver.
INFO - 2023-06-29 14:08:54 --> Session: Class initialized using 'CodeIgniter\Session\Handlers\FileHandler' driver.
INFO - 2023-06-29 14:08:55 --> Session: Class initialized using 'CodeIgniter\Session\Handlers\FileHandler' driver.
INFO - 2023-06-29 14:09:01 --> Session: Class initialized using 'CodeIgniter\Session\Handlers\FileHandler' driver.
INFO - 2023-06-29 14:09:05 --> Session: Class initialized using 'CodeIgniter\Session\Handlers\FileHandler' driver.
INFO - 2023-06-29 14:13:10 --> Session: Class initialized using 'CodeIgniter\Session\Handlers\FileHandler' driver.
INFO - 2023-06-29 14:13:10 --> Session: Class initialized using 'CodeIgniter\Session\Handlers\FileHandler' driver.
INFO - 2023-06-29 14:13:17 --> Session: Class initialized using 'CodeIgniter\Session\Handlers\FileHandler' driver.
ERROR - 2023-06-29 14:21:02 --> mysqli_sql_exception: Table 'db_alumni.anggota' doesn't exist in D:\Coding\AlumniKU\ProjectAlumni\system\Database\MySQLi\Connection.php:295
Stack trace:
#0 D:\Coding\AlumniKU\ProjectAlumni\system\Database\MySQLi\Connection.php(295): mysqli->query()
#1 D:\Coding\AlumniKU\ProjectAlumni\system\Database\BaseConnection.php(691): CodeIgniter\Database\MySQLi\Connection->execute()
#2 D:\Coding\AlumniKU\ProjectAlumni\system\Database\BaseConnection.php(605): CodeIgniter\Database\BaseConnection->simpleQuery()
#3 D:\Coding\AlumniKU\ProjectAlumni\system\Database\BaseBuilder.php(1616): CodeIgniter\Database\BaseConnection->query()
#4 D:\Coding\AlumniKU\ProjectAlumni\system\Model.php(241): CodeIgniter\Database\BaseBuilder->get()
#5 D:\Coding\AlumniKU\ProjectAlumni\system\BaseModel.php(618): CodeIgniter\Model->doFindAll()
#6 D:\Coding\AlumniKU\ProjectAlumni\app\Models\AnggotaModel.php(16): CodeIgniter\BaseModel->findAll()
#7 D:\Coding\AlumniKU\ProjectAlumni\app\Controllers\AlumniController.php(75): App\Models\AnggotaModel->getAnggota()
#8 D:\Coding\AlumniKU\ProjectAlumni\system\CodeIgniter.php(934): App\Controllers\AlumniController->anggota()
#9 D:\Coding\AlumniKU\ProjectAlumni\system\CodeIgniter.php(499): CodeIgniter\CodeIgniter->runController()
#10 D:\Coding\AlumniKU\ProjectAlumni\system\CodeIgniter.php(368): CodeIgniter\CodeIgniter->handleRequest()
#11 D:\Coding\AlumniKU\ProjectAlumni\public\index.php(67): CodeIgniter\CodeIgniter->run()
#12 D:\Coding\AlumniKU\ProjectAlumni\system\Commands\Server\rewrite.php(47): require_once('...')
#13 {main}
CRITICAL - 2023-06-29 14:21:02 --> Table 'db_alumni.anggota' doesn't exist
in SYSTEMPATH\Database\BaseConnection.php on line 645.
 1 SYSTEMPATH\Database\BaseBuilder.php(1616): CodeIgniter\Database\BaseConnection->query()
 2 SYSTEMPATH\Model.php(241): CodeIgniter\Database\BaseBuilder->get()
 3 SYSTEMPATH\BaseModel.php(618): CodeIgniter\Model->doFindAll()
 4 APPPATH\Models\AnggotaModel.php(16): CodeIgniter\BaseModel->findAll()
 5 APPPATH\Controllers\AlumniController.php(75): App\Models\AnggotaModel->getAnggota()
 6 SYSTEMPATH\CodeIgniter.php(934): App\Controllers\AlumniController->anggota()
 7 SYSTEMPATH\CodeIgniter.php(499): CodeIgniter\CodeIgniter->runController()
 8 SYSTEMPATH\CodeIgniter.php(368): CodeIgniter\CodeIgniter->handleRequest()
 9 FCPATH\index.php(67): CodeIgniter\CodeIgniter->run()
10 SYSTEMPATH\Commands\Server\rewrite.php(47): require_once('FCPATH\\index.php')
