ERROR - 2023-06-30 03:54:47 --> Error connecting to the database: mysqli_sql_exception: No connection could be made because the target machine actively refused it in D:\Coding\AlumniKU\ProjectAlumni\system\Database\MySQLi\Connection.php:174
Stack trace:
#0 D:\Coding\AlumniKU\ProjectAlumni\system\Database\MySQLi\Connection.php(174): mysqli->real_connect()
#1 D:\Coding\AlumniKU\ProjectAlumni\system\Database\BaseConnection.php(391): CodeIgniter\Database\MySQLi\Connection->connect()
#2 D:\Coding\AlumniKU\ProjectAlumni\system\Database\BaseConnection.php(573): CodeIgniter\Database\BaseConnection->initialize()
#3 D:\Coding\AlumniKU\ProjectAlumni\system\Database\BaseBuilder.php(1616): CodeIgniter\Database\BaseConnection->query()
#4 D:\Coding\AlumniKU\ProjectAlumni\system\Model.php(268): CodeIgniter\Database\BaseBuilder->get()
#5 D:\Coding\AlumniKU\ProjectAlumni\system\BaseModel.php(656): CodeIgniter\Model->doFirst()
#6 D:\Coding\AlumniKU\ProjectAlumni\vendor\myth\auth\src\Authentication\LocalAuthenticator.php(140): CodeIgniter\BaseModel->first()
#7 D:\Coding\AlumniKU\ProjectAlumni\vendor\myth\auth\src\Authentication\LocalAuthenticator.php(19): Myth\Auth\Authentication\LocalAuthenticator->validate()
#8 D:\Coding\AlumniKU\ProjectAlumni\vendor\myth\auth\src\Controllers\AuthController.php(87): Myth\Auth\Authentication\LocalAuthenticator->attempt()
#9 D:\Coding\AlumniKU\ProjectAlumni\system\CodeIgniter.php(934): Myth\Auth\Controllers\AuthController->attemptLogin()
#10 D:\Coding\AlumniKU\ProjectAlumni\system\CodeIgniter.php(499): CodeIgniter\CodeIgniter->runController()
#11 D:\Coding\AlumniKU\ProjectAlumni\system\CodeIgniter.php(368): CodeIgniter\CodeIgniter->handleRequest()
#12 D:\Coding\AlumniKU\ProjectAlumni\public\index.php(67): CodeIgniter\CodeIgniter->run()
#13 D:\Coding\AlumniKU\ProjectAlumni\system\Commands\Server\rewrite.php(47): require_once('...')
#14 {main}

Next CodeIgniter\Database\Exceptions\DatabaseException: No connection could be made because the target machine actively refused it in D:\Coding\AlumniKU\ProjectAlumni\system\Database\MySQLi\Connection.php:218
Stack trace:
#0 D:\Coding\AlumniKU\ProjectAlumni\system\Database\BaseConnection.php(391): CodeIgniter\Database\MySQLi\Connection->connect()
#1 D:\Coding\AlumniKU\ProjectAlumni\system\Database\BaseConnection.php(573): CodeIgniter\Database\BaseConnection->initialize()
#2 D:\Coding\AlumniKU\ProjectAlumni\system\Database\BaseBuilder.php(1616): CodeIgniter\Database\BaseConnection->query()
#3 D:\Coding\AlumniKU\ProjectAlumni\system\Model.php(268): CodeIgniter\Database\BaseBuilder->get()
#4 D:\Coding\AlumniKU\ProjectAlumni\system\BaseModel.php(656): CodeIgniter\Model->doFirst()
#5 D:\Coding\AlumniKU\ProjectAlumni\vendor\myth\auth\src\Authentication\LocalAuthenticator.php(140): CodeIgniter\BaseModel->first()
#6 D:\Coding\AlumniKU\ProjectAlumni\vendor\myth\auth\src\Authentication\LocalAuthenticator.php(19): Myth\Auth\Authentication\LocalAuthenticator->validate()
#7 D:\Coding\AlumniKU\ProjectAlumni\vendor\myth\auth\src\Controllers\AuthController.php(87): Myth\Auth\Authentication\LocalAuthenticator->attempt()
#8 D:\Coding\AlumniKU\ProjectAlumni\system\CodeIgniter.php(934): Myth\Auth\Controllers\AuthController->attemptLogin()
#9 D:\Coding\AlumniKU\ProjectAlumni\system\CodeIgniter.php(499): CodeIgniter\CodeIgniter->runController()
#10 D:\Coding\AlumniKU\ProjectAlumni\system\CodeIgniter.php(368): CodeIgniter\CodeIgniter->handleRequest()
#11 D:\Coding\AlumniKU\ProjectAlumni\public\index.php(67): CodeIgniter\CodeIgniter->run()
#12 D:\Coding\AlumniKU\ProjectAlumni\system\Commands\Server\rewrite.php(47): require_once('...')
#13 {main}
CRITICAL - 2023-06-30 03:54:47 --> Unable to connect to the database.
Main connection [MySQLi]: No connection could be made because the target machine actively refused it
in SYSTEMPATH\Database\BaseConnection.php on line 427.
 1 SYSTEMPATH\Database\BaseConnection.php(573): CodeIgniter\Database\BaseConnection->initialize()
 2 SYSTEMPATH\Database\BaseBuilder.php(1616): CodeIgniter\Database\BaseConnection->query()
 3 SYSTEMPATH\Model.php(268): CodeIgniter\Database\BaseBuilder->get()
 4 SYSTEMPATH\BaseModel.php(656): CodeIgniter\Model->doFirst()
 5 VENDORPATH\myth\auth\src\Authentication\LocalAuthenticator.php(140): CodeIgniter\BaseModel->first()
 6 VENDORPATH\myth\auth\src\Authentication\LocalAuthenticator.php(19): Myth\Auth\Authentication\LocalAuthenticator->validate()
 7 VENDORPATH\myth\auth\src\Controllers\AuthController.php(87): Myth\Auth\Authentication\LocalAuthenticator->attempt()
 8 SYSTEMPATH\CodeIgniter.php(934): Myth\Auth\Controllers\AuthController->attemptLogin()
 9 SYSTEMPATH\CodeIgniter.php(499): CodeIgniter\CodeIgniter->runController()
10 SYSTEMPATH\CodeIgniter.php(368): CodeIgniter\CodeIgniter->handleRequest()
11 FCPATH\index.php(67): CodeIgniter\CodeIgniter->run()
12 SYSTEMPATH\Commands\Server\rewrite.php(47): require_once('FCPATH\\index.php')
CRITICAL - 2023-06-30 04:01:56 --> Class name must be a valid object or a string
in VENDORPATH\myth\auth\src\Config\Services.php on line 81.
 1 SYSTEMPATH\Config\BaseService.php(252): Myth\Auth\Config\Services::activator()
 2 SYSTEMPATH\Config\BaseService.php(193): CodeIgniter\Config\BaseService::__callStatic()
 3 VENDORPATH\myth\auth\src\Config\Services.php(74): CodeIgniter\Config\BaseService::getSharedInstance()
 4 SYSTEMPATH\Config\BaseService.php(252): Myth\Auth\Config\Services::activator()
 5 SYSTEMPATH\Common.php(1016): CodeIgniter\Config\BaseService::__callStatic()
 6 VENDORPATH\myth\auth\src\Controllers\AuthController.php(185): service()
 7 SYSTEMPATH\CodeIgniter.php(934): Myth\Auth\Controllers\AuthController->attemptRegister()
 8 SYSTEMPATH\CodeIgniter.php(499): CodeIgniter\CodeIgniter->runController()
 9 SYSTEMPATH\CodeIgniter.php(368): CodeIgniter\CodeIgniter->handleRequest()
10 FCPATH\index.php(67): CodeIgniter\CodeIgniter->run()
11 SYSTEMPATH\Commands\Server\rewrite.php(47): require_once('FCPATH\\index.php')
INFO - 2023-06-30 04:02:13 --> Session: Class initialized using 'CodeIgniter\Session\Handlers\FileHandler' driver.
INFO - 2023-06-30 04:02:14 --> Session: Class initialized using 'CodeIgniter\Session\Handlers\FileHandler' driver.
INFO - 2023-06-30 04:03:33 --> Session: Class initialized using 'CodeIgniter\Session\Handlers\FileHandler' driver.
CRITICAL - 2023-06-30 04:03:33 --> Class name must be a valid object or a string
in VENDORPATH\myth\auth\src\Config\Services.php on line 81.
 1 SYSTEMPATH\Config\BaseService.php(252): Myth\Auth\Config\Services::activator()
 2 SYSTEMPATH\Config\BaseService.php(193): CodeIgniter\Config\BaseService::__callStatic()
 3 VENDORPATH\myth\auth\src\Config\Services.php(74): CodeIgniter\Config\BaseService::getSharedInstance()
 4 SYSTEMPATH\Config\BaseService.php(252): Myth\Auth\Config\Services::activator()
 5 SYSTEMPATH\Common.php(1016): CodeIgniter\Config\BaseService::__callStatic()
 6 VENDORPATH\myth\auth\src\Controllers\AuthController.php(185): service()
 7 SYSTEMPATH\CodeIgniter.php(934): Myth\Auth\Controllers\AuthController->attemptRegister()
 8 SYSTEMPATH\CodeIgniter.php(499): CodeIgniter\CodeIgniter->runController()
 9 SYSTEMPATH\CodeIgniter.php(368): CodeIgniter\CodeIgniter->handleRequest()
10 FCPATH\index.php(67): CodeIgniter\CodeIgniter->run()
11 SYSTEMPATH\Commands\Server\rewrite.php(47): require_once('FCPATH\\index.php')
INFO - 2023-06-30 04:04:26 --> Session: Class initialized using 'CodeIgniter\Session\Handlers\FileHandler' driver.
INFO - 2023-06-30 04:04:26 --> Session: Class initialized using 'CodeIgniter\Session\Handlers\FileHandler' driver.
INFO - 2023-06-30 04:05:26 --> Session: Class initialized using 'CodeIgniter\Session\Handlers\FileHandler' driver.
INFO - 2023-06-30 04:05:26 --> Session: Class initialized using 'CodeIgniter\Session\Handlers\FileHandler' driver.
INFO - 2023-06-30 04:05:59 --> Session: Class initialized using 'CodeIgniter\Session\Handlers\FileHandler' driver.
INFO - 2023-06-30 04:06:00 --> Session: Class initialized using 'CodeIgniter\Session\Handlers\FileHandler' driver.
INFO - 2023-06-30 04:06:12 --> Session: Class initialized using 'CodeIgniter\Session\Handlers\FileHandler' driver.
INFO - 2023-06-30 04:06:13 --> Session: Class initialized using 'CodeIgniter\Session\Handlers\FileHandler' driver.
