CRITICAL - 2023-04-10 13:01:51 --> syntax error, unexpected '}', expecting ';'
in APPPATH\Controllers\Pages.php on line 13.
 1 SYSTEMPATH\Autoloader\Autoloader.php(289): CodeIgniter\Autoloader\Autoloader->includeFile('APPPATH\\Controllers\\Pages.php')
 2 SYSTEMPATH\Autoloader\Autoloader.php(267): CodeIgniter\Autoloader\Autoloader->loadInNamespace('App\\Controllers\\Pages')
 3 [internal function]: CodeIgniter\Autoloader\Autoloader->loadClass('App\\Controllers\\Pages')
 4 [internal function]: spl_autoload_call('App\\Controllers\\Pages')
 5 SYSTEMPATH\CodeIgniter.php(892): class_exists('\\App\\Controllers\\Pages', true)
 6 SYSTEMPATH\CodeIgniter.php(486): CodeIgniter\CodeIgniter->startController()
 7 SYSTEMPATH\CodeIgniter.php(368): CodeIgniter\CodeIgniter->handleRequest(null, Object(Config\Cache), false)
 8 FCPATH\index.php(67): CodeIgniter\CodeIgniter->run()
 9 SYSTEMPATH\Commands\Server\rewrite.php(47): require_once('FCPATH\\index.php')
CRITICAL - 2023-04-10 13:34:00 --> syntax error, unexpected '=>' (T_DOUBLE_ARROW), expecting ']'
in APPPATH\Controllers\Pages.php on line 10.
 1 SYSTEMPATH\Autoloader\Autoloader.php(289): CodeIgniter\Autoloader\Autoloader->includeFile('APPPATH\\Controllers\\Pages.php')
 2 SYSTEMPATH\Autoloader\Autoloader.php(267): CodeIgniter\Autoloader\Autoloader->loadInNamespace('App\\Controllers\\Pages')
 3 [internal function]: CodeIgniter\Autoloader\Autoloader->loadClass('App\\Controllers\\Pages')
 4 [internal function]: spl_autoload_call('App\\Controllers\\Pages')
 5 SYSTEMPATH\CodeIgniter.php(892): class_exists('\\App\\Controllers\\Pages', true)
 6 SYSTEMPATH\CodeIgniter.php(486): CodeIgniter\CodeIgniter->startController()
 7 SYSTEMPATH\CodeIgniter.php(368): CodeIgniter\CodeIgniter->handleRequest(null, Object(Config\Cache), false)
 8 FCPATH\index.php(67): CodeIgniter\CodeIgniter->run()
 9 SYSTEMPATH\Commands\Server\rewrite.php(47): require_once('FCPATH\\index.php')
CRITICAL - 2023-04-10 13:35:26 --> syntax error, unexpected '=>' (T_DOUBLE_ARROW), expecting ']'
in APPPATH\Controllers\Pages.php on line 10.
 1 SYSTEMPATH\Autoloader\Autoloader.php(289): CodeIgniter\Autoloader\Autoloader->includeFile('APPPATH\\Controllers\\Pages.php')
 2 SYSTEMPATH\Autoloader\Autoloader.php(267): CodeIgniter\Autoloader\Autoloader->loadInNamespace('App\\Controllers\\Pages')
 3 [internal function]: CodeIgniter\Autoloader\Autoloader->loadClass('App\\Controllers\\Pages')
 4 [internal function]: spl_autoload_call('App\\Controllers\\Pages')
 5 SYSTEMPATH\CodeIgniter.php(892): class_exists('\\App\\Controllers\\Pages', true)
 6 SYSTEMPATH\CodeIgniter.php(486): CodeIgniter\CodeIgniter->startController()
 7 SYSTEMPATH\CodeIgniter.php(368): CodeIgniter\CodeIgniter->handleRequest(null, Object(Config\Cache), false)
 8 FCPATH\index.php(67): CodeIgniter\CodeIgniter->run()
 9 SYSTEMPATH\Commands\Server\rewrite.php(47): require_once('FCPATH\\index.php')
CRITICAL - 2023-04-10 13:35:26 --> syntax error, unexpected '=>' (T_DOUBLE_ARROW), expecting ']'
in APPPATH\Controllers\Pages.php on line 10.
 1 SYSTEMPATH\Autoloader\Autoloader.php(289): CodeIgniter\Autoloader\Autoloader->includeFile('APPPATH\\Controllers\\Pages.php')
 2 SYSTEMPATH\Autoloader\Autoloader.php(267): CodeIgniter\Autoloader\Autoloader->loadInNamespace('App\\Controllers\\Pages')
 3 [internal function]: CodeIgniter\Autoloader\Autoloader->loadClass('App\\Controllers\\Pages')
 4 [internal function]: spl_autoload_call('App\\Controllers\\Pages')
 5 SYSTEMPATH\CodeIgniter.php(892): class_exists('\\App\\Controllers\\Pages', true)
 6 SYSTEMPATH\CodeIgniter.php(486): CodeIgniter\CodeIgniter->startController()
 7 SYSTEMPATH\CodeIgniter.php(368): CodeIgniter\CodeIgniter->handleRequest(null, Object(Config\Cache), false)
 8 FCPATH\index.php(67): CodeIgniter\CodeIgniter->run()
 9 SYSTEMPATH\Commands\Server\rewrite.php(47): require_once('FCPATH\\index.php')
CRITICAL - 2023-04-10 13:35:27 --> syntax error, unexpected '=>' (T_DOUBLE_ARROW), expecting ']'
in APPPATH\Controllers\Pages.php on line 10.
 1 SYSTEMPATH\Autoloader\Autoloader.php(289): CodeIgniter\Autoloader\Autoloader->includeFile('APPPATH\\Controllers\\Pages.php')
 2 SYSTEMPATH\Autoloader\Autoloader.php(267): CodeIgniter\Autoloader\Autoloader->loadInNamespace('App\\Controllers\\Pages')
 3 [internal function]: CodeIgniter\Autoloader\Autoloader->loadClass('App\\Controllers\\Pages')
 4 [internal function]: spl_autoload_call('App\\Controllers\\Pages')
 5 SYSTEMPATH\CodeIgniter.php(892): class_exists('\\App\\Controllers\\Pages', true)
 6 SYSTEMPATH\CodeIgniter.php(486): CodeIgniter\CodeIgniter->startController()
 7 SYSTEMPATH\CodeIgniter.php(368): CodeIgniter\CodeIgniter->handleRequest(null, Object(Config\Cache), false)
 8 FCPATH\index.php(67): CodeIgniter\CodeIgniter->run()
 9 SYSTEMPATH\Commands\Server\rewrite.php(47): require_once('FCPATH\\index.php')
CRITICAL - 2023-04-10 13:37:25 --> Invalid file: "layout/header,$data.php"
in SYSTEMPATH\Exceptions\FrameworkException.php on line 33.
 1 SYSTEMPATH\View\View.php(201): CodeIgniter\Exceptions\FrameworkException::forInvalidFile('layout/header,$data.php')
 2 SYSTEMPATH\Common.php(1184): CodeIgniter\View\View->render('layout/header,$data', [], true)
 3 APPPATH\Controllers\Pages.php(13): view('layout/header,$data')
 4 SYSTEMPATH\CodeIgniter.php(934): App\Controllers\Pages->index()
 5 SYSTEMPATH\CodeIgniter.php(499): CodeIgniter\CodeIgniter->runController(Object(App\Controllers\Pages))
 6 SYSTEMPATH\CodeIgniter.php(368): CodeIgniter\CodeIgniter->handleRequest(null, Object(Config\Cache), false)
 7 FCPATH\index.php(67): CodeIgniter\CodeIgniter->run()
 8 SYSTEMPATH\Commands\Server\rewrite.php(47): require_once('FCPATH\\index.php')
CRITICAL - 2023-04-10 13:37:27 --> Invalid file: "layout/header,$data.php"
in SYSTEMPATH\Exceptions\FrameworkException.php on line 33.
 1 SYSTEMPATH\View\View.php(201): CodeIgniter\Exceptions\FrameworkException::forInvalidFile('layout/header,$data.php')
 2 SYSTEMPATH\Common.php(1184): CodeIgniter\View\View->render('layout/header,$data', [], true)
 3 APPPATH\Controllers\Pages.php(13): view('layout/header,$data')
 4 SYSTEMPATH\CodeIgniter.php(934): App\Controllers\Pages->index()
 5 SYSTEMPATH\CodeIgniter.php(499): CodeIgniter\CodeIgniter->runController(Object(App\Controllers\Pages))
 6 SYSTEMPATH\CodeIgniter.php(368): CodeIgniter\CodeIgniter->handleRequest(null, Object(Config\Cache), false)
 7 FCPATH\index.php(67): CodeIgniter\CodeIgniter->run()
 8 SYSTEMPATH\Commands\Server\rewrite.php(47): require_once('FCPATH\\index.php')
CRITICAL - 2023-04-10 14:23:27 --> Call to undefined method CodeIgniter\View\View::extends()
in APPPATH\Views\pages\home.php on line 2.
 1 SYSTEMPATH\View\View.php(213): include()
 2 SYSTEMPATH\View\View.php(216): CodeIgniter\View\View->CodeIgniter\View\{closure}()
 3 SYSTEMPATH\Common.php(1184): CodeIgniter\View\View->render('pages/home', [], true)
 4 APPPATH\Controllers\Pages.php(14): view('pages/home')
 5 SYSTEMPATH\CodeIgniter.php(934): App\Controllers\Pages->index()
 6 SYSTEMPATH\CodeIgniter.php(499): CodeIgniter\CodeIgniter->runController(Object(App\Controllers\Pages))
 7 SYSTEMPATH\CodeIgniter.php(368): CodeIgniter\CodeIgniter->handleRequest(null, Object(Config\Cache), false)
 8 FCPATH\index.php(67): CodeIgniter\CodeIgniter->run()
 9 SYSTEMPATH\Commands\Server\rewrite.php(47): require_once('FCPATH\\index.php')
CRITICAL - 2023-04-10 14:47:31 --> Undefined variable: name
in APPPATH\Views\pages\contact.php on line 8.
 1 APPPATH\Views\pages\contact.php(8): CodeIgniter\Debug\Exceptions->errorHandler(8, 'Undefined variable: name', 'APPPATH\\Views\\pages\\contact.php', 8, [...])
 2 SYSTEMPATH\View\View.php(213): include('APPPATH\\Views\\pages\\contact.php')
 3 SYSTEMPATH\View\View.php(216): CodeIgniter\View\View->CodeIgniter\View\{closure}()
 4 SYSTEMPATH\Common.php(1184): CodeIgniter\View\View->render('pages/contact', [], true)
 5 APPPATH\Controllers\Pages.php(32): view('pages/contact', [...])
 6 SYSTEMPATH\CodeIgniter.php(934): App\Controllers\Pages->contact()
 7 SYSTEMPATH\CodeIgniter.php(499): CodeIgniter\CodeIgniter->runController(Object(App\Controllers\Pages))
 8 SYSTEMPATH\CodeIgniter.php(368): CodeIgniter\CodeIgniter->handleRequest(null, Object(Config\Cache), false)
 9 FCPATH\index.php(67): CodeIgniter\CodeIgniter->run()
10 SYSTEMPATH\Commands\Server\rewrite.php(47): require_once('FCPATH\\index.php')
CRITICAL - 2023-04-10 14:51:40 --> Undefined variable: nama
in APPPATH\Views\pages\contact.php on line 8.
 1 APPPATH\Views\pages\contact.php(8): CodeIgniter\Debug\Exceptions->errorHandler(8, 'Undefined variable: nama', 'APPPATH\\Views\\pages\\contact.php', 8, [...])
 2 SYSTEMPATH\View\View.php(213): include('APPPATH\\Views\\pages\\contact.php')
 3 SYSTEMPATH\View\View.php(216): CodeIgniter\View\View->CodeIgniter\View\{closure}()
 4 SYSTEMPATH\Common.php(1184): CodeIgniter\View\View->render('pages/contact', [], true)
 5 APPPATH\Controllers\Pages.php(33): view('pages/contact', [...])
 6 SYSTEMPATH\CodeIgniter.php(934): App\Controllers\Pages->contact()
 7 SYSTEMPATH\CodeIgniter.php(499): CodeIgniter\CodeIgniter->runController(Object(App\Controllers\Pages))
 8 SYSTEMPATH\CodeIgniter.php(368): CodeIgniter\CodeIgniter->handleRequest(null, Object(Config\Cache), false)
 9 FCPATH\index.php(67): CodeIgniter\CodeIgniter->run()
10 SYSTEMPATH\Commands\Server\rewrite.php(47): require_once('FCPATH\\index.php')
CRITICAL - 2023-04-10 14:51:40 --> Undefined variable: nama
in APPPATH\Views\pages\contact.php on line 8.
 1 APPPATH\Views\pages\contact.php(8): CodeIgniter\Debug\Exceptions->errorHandler(8, 'Undefined variable: nama', 'APPPATH\\Views\\pages\\contact.php', 8, [...])
 2 SYSTEMPATH\View\View.php(213): include('APPPATH\\Views\\pages\\contact.php')
 3 SYSTEMPATH\View\View.php(216): CodeIgniter\View\View->CodeIgniter\View\{closure}()
 4 SYSTEMPATH\Common.php(1184): CodeIgniter\View\View->render('pages/contact', [], true)
 5 APPPATH\Controllers\Pages.php(33): view('pages/contact', [...])
 6 SYSTEMPATH\CodeIgniter.php(934): App\Controllers\Pages->contact()
 7 SYSTEMPATH\CodeIgniter.php(499): CodeIgniter\CodeIgniter->runController(Object(App\Controllers\Pages))
 8 SYSTEMPATH\CodeIgniter.php(368): CodeIgniter\CodeIgniter->handleRequest(null, Object(Config\Cache), false)
 9 FCPATH\index.php(67): CodeIgniter\CodeIgniter->run()
10 SYSTEMPATH\Commands\Server\rewrite.php(47): require_once('FCPATH\\index.php')
CRITICAL - 2023-04-10 14:51:41 --> Undefined variable: nama
in APPPATH\Views\pages\contact.php on line 8.
 1 APPPATH\Views\pages\contact.php(8): CodeIgniter\Debug\Exceptions->errorHandler(8, 'Undefined variable: nama', 'APPPATH\\Views\\pages\\contact.php', 8, [...])
 2 SYSTEMPATH\View\View.php(213): include('APPPATH\\Views\\pages\\contact.php')
 3 SYSTEMPATH\View\View.php(216): CodeIgniter\View\View->CodeIgniter\View\{closure}()
 4 SYSTEMPATH\Common.php(1184): CodeIgniter\View\View->render('pages/contact', [], true)
 5 APPPATH\Controllers\Pages.php(33): view('pages/contact', [...])
 6 SYSTEMPATH\CodeIgniter.php(934): App\Controllers\Pages->contact()
 7 SYSTEMPATH\CodeIgniter.php(499): CodeIgniter\CodeIgniter->runController(Object(App\Controllers\Pages))
 8 SYSTEMPATH\CodeIgniter.php(368): CodeIgniter\CodeIgniter->handleRequest(null, Object(Config\Cache), false)
 9 FCPATH\index.php(67): CodeIgniter\CodeIgniter->run()
10 SYSTEMPATH\Commands\Server\rewrite.php(47): require_once('FCPATH\\index.php')
CRITICAL - 2023-04-10 14:55:25 --> syntax error, unexpected 'return' (T_RETURN)
in APPPATH\Controllers\Pages.php on line 47.
 1 SYSTEMPATH\Autoloader\Autoloader.php(289): CodeIgniter\Autoloader\Autoloader->includeFile('APPPATH\\Controllers\\Pages.php')
 2 SYSTEMPATH\Autoloader\Autoloader.php(267): CodeIgniter\Autoloader\Autoloader->loadInNamespace('App\\Controllers\\Pages')
 3 [internal function]: CodeIgniter\Autoloader\Autoloader->loadClass('App\\Controllers\\Pages')
 4 [internal function]: spl_autoload_call('App\\Controllers\\Pages')
 5 SYSTEMPATH\CodeIgniter.php(892): class_exists('\\App\\Controllers\\Pages', true)
 6 SYSTEMPATH\CodeIgniter.php(486): CodeIgniter\CodeIgniter->startController()
 7 SYSTEMPATH\CodeIgniter.php(368): CodeIgniter\CodeIgniter->handleRequest(null, Object(Config\Cache), false)
 8 FCPATH\index.php(67): CodeIgniter\CodeIgniter->run()
 9 SYSTEMPATH\Commands\Server\rewrite.php(47): require_once('FCPATH\\index.php')
CRITICAL - 2023-04-10 14:55:27 --> syntax error, unexpected 'return' (T_RETURN)
in APPPATH\Controllers\Pages.php on line 47.
 1 SYSTEMPATH\Autoloader\Autoloader.php(289): CodeIgniter\Autoloader\Autoloader->includeFile('APPPATH\\Controllers\\Pages.php')
 2 SYSTEMPATH\Autoloader\Autoloader.php(267): CodeIgniter\Autoloader\Autoloader->loadInNamespace('App\\Controllers\\Pages')
 3 [internal function]: CodeIgniter\Autoloader\Autoloader->loadClass('App\\Controllers\\Pages')
 4 [internal function]: spl_autoload_call('App\\Controllers\\Pages')
 5 SYSTEMPATH\CodeIgniter.php(892): class_exists('\\App\\Controllers\\Pages', true)
 6 SYSTEMPATH\CodeIgniter.php(486): CodeIgniter\CodeIgniter->startController()
 7 SYSTEMPATH\CodeIgniter.php(368): CodeIgniter\CodeIgniter->handleRequest(null, Object(Config\Cache), false)
 8 FCPATH\index.php(67): CodeIgniter\CodeIgniter->run()
 9 SYSTEMPATH\Commands\Server\rewrite.php(47): require_once('FCPATH\\index.php')
CRITICAL - 2023-04-10 14:56:25 --> Undefined variable: data_faqs
in APPPATH\Views\pages\faq.php on line 7.
 1 APPPATH\Views\pages\faq.php(7): CodeIgniter\Debug\Exceptions->errorHandler(8, 'Undefined variable: data_faqs', 'APPPATH\\Views\\pages\\faq.php', 7, [...])
 2 SYSTEMPATH\View\View.php(213): include('APPPATH\\Views\\pages\\faq.php')
 3 SYSTEMPATH\View\View.php(216): CodeIgniter\View\View->CodeIgniter\View\{closure}()
 4 SYSTEMPATH\Common.php(1184): CodeIgniter\View\View->render('pages/faq', [], true)
 5 APPPATH\Controllers\Pages.php(47): view('pages/faq', [...])
 6 SYSTEMPATH\CodeIgniter.php(934): App\Controllers\Pages->faq()
 7 SYSTEMPATH\CodeIgniter.php(499): CodeIgniter\CodeIgniter->runController(Object(App\Controllers\Pages))
 8 SYSTEMPATH\CodeIgniter.php(368): CodeIgniter\CodeIgniter->handleRequest(null, Object(Config\Cache), false)
 9 FCPATH\index.php(67): CodeIgniter\CodeIgniter->run()
10 SYSTEMPATH\Commands\Server\rewrite.php(47): require_once('FCPATH\\index.php')
CRITICAL - 2023-04-10 14:58:16 --> Undefined variable: data_faqs
in APPPATH\Views\pages\faq.php on line 7.
 1 APPPATH\Views\pages\faq.php(7): CodeIgniter\Debug\Exceptions->errorHandler(8, 'Undefined variable: data_faqs', 'APPPATH\\Views\\pages\\faq.php', 7, [...])
 2 SYSTEMPATH\View\View.php(213): include('APPPATH\\Views\\pages\\faq.php')
 3 SYSTEMPATH\View\View.php(216): CodeIgniter\View\View->CodeIgniter\View\{closure}()
 4 SYSTEMPATH\Common.php(1184): CodeIgniter\View\View->render('pages/faq', [], true)
 5 APPPATH\Controllers\Pages.php(47): view('pages/faq', [...])
 6 SYSTEMPATH\CodeIgniter.php(934): App\Controllers\Pages->faq()
 7 SYSTEMPATH\CodeIgniter.php(499): CodeIgniter\CodeIgniter->runController(Object(App\Controllers\Pages))
 8 SYSTEMPATH\CodeIgniter.php(368): CodeIgniter\CodeIgniter->handleRequest(null, Object(Config\Cache), false)
 9 FCPATH\index.php(67): CodeIgniter\CodeIgniter->run()
10 SYSTEMPATH\Commands\Server\rewrite.php(47): require_once('FCPATH\\index.php')
CRITICAL - 2023-04-10 14:58:25 --> Undefined variable: data_faqs
in APPPATH\Views\pages\faq.php on line 7.
 1 APPPATH\Views\pages\faq.php(7): CodeIgniter\Debug\Exceptions->errorHandler(8, 'Undefined variable: data_faqs', 'APPPATH\\Views\\pages\\faq.php', 7, [...])
 2 SYSTEMPATH\View\View.php(213): include('APPPATH\\Views\\pages\\faq.php')
 3 SYSTEMPATH\View\View.php(216): CodeIgniter\View\View->CodeIgniter\View\{closure}()
 4 SYSTEMPATH\Common.php(1184): CodeIgniter\View\View->render('pages/faq', [], true)
 5 APPPATH\Controllers\Pages.php(47): view('pages/faq', [...])
 6 SYSTEMPATH\CodeIgniter.php(934): App\Controllers\Pages->faq()
 7 SYSTEMPATH\CodeIgniter.php(499): CodeIgniter\CodeIgniter->runController(Object(App\Controllers\Pages))
 8 SYSTEMPATH\CodeIgniter.php(368): CodeIgniter\CodeIgniter->handleRequest(null, Object(Config\Cache), false)
 9 FCPATH\index.php(67): CodeIgniter\CodeIgniter->run()
10 SYSTEMPATH\Commands\Server\rewrite.php(47): require_once('FCPATH\\index.php')
CRITICAL - 2023-04-10 15:09:08 --> Undefined variable: data
in APPPATH\Views\pages\faq.php on line 7.
 1 APPPATH\Views\pages\faq.php(7): CodeIgniter\Debug\Exceptions->errorHandler(8, 'Undefined variable: data', 'APPPATH\\Views\\pages\\faq.php', 7, [...])
 2 SYSTEMPATH\View\View.php(213): include('APPPATH\\Views\\pages\\faq.php')
 3 SYSTEMPATH\View\View.php(216): CodeIgniter\View\View->CodeIgniter\View\{closure}()
 4 SYSTEMPATH\Common.php(1184): CodeIgniter\View\View->render('pages/faq', [], true)
 5 APPPATH\Controllers\Pages.php(62): view('pages/faq', [...])
 6 SYSTEMPATH\CodeIgniter.php(934): App\Controllers\Pages->faq()
 7 SYSTEMPATH\CodeIgniter.php(499): CodeIgniter\CodeIgniter->runController(Object(App\Controllers\Pages))
 8 SYSTEMPATH\CodeIgniter.php(368): CodeIgniter\CodeIgniter->handleRequest(null, Object(Config\Cache), false)
 9 FCPATH\index.php(67): CodeIgniter\CodeIgniter->run()
10 SYSTEMPATH\Commands\Server\rewrite.php(47): require_once('FCPATH\\index.php')
CRITICAL - 2023-04-10 15:09:09 --> Undefined variable: data
in APPPATH\Views\pages\faq.php on line 7.
 1 APPPATH\Views\pages\faq.php(7): CodeIgniter\Debug\Exceptions->errorHandler(8, 'Undefined variable: data', 'APPPATH\\Views\\pages\\faq.php', 7, [...])
 2 SYSTEMPATH\View\View.php(213): include('APPPATH\\Views\\pages\\faq.php')
 3 SYSTEMPATH\View\View.php(216): CodeIgniter\View\View->CodeIgniter\View\{closure}()
 4 SYSTEMPATH\Common.php(1184): CodeIgniter\View\View->render('pages/faq', [], true)
 5 APPPATH\Controllers\Pages.php(62): view('pages/faq', [...])
 6 SYSTEMPATH\CodeIgniter.php(934): App\Controllers\Pages->faq()
 7 SYSTEMPATH\CodeIgniter.php(499): CodeIgniter\CodeIgniter->runController(Object(App\Controllers\Pages))
 8 SYSTEMPATH\CodeIgniter.php(368): CodeIgniter\CodeIgniter->handleRequest(null, Object(Config\Cache), false)
 9 FCPATH\index.php(67): CodeIgniter\CodeIgniter->run()
10 SYSTEMPATH\Commands\Server\rewrite.php(47): require_once('FCPATH\\index.php')
CRITICAL - 2023-04-10 15:09:42 --> Illegal string offset 'q'
in APPPATH\Views\pages\faq.php on line 8.
 1 APPPATH\Views\pages\faq.php(8): CodeIgniter\Debug\Exceptions->errorHandler(2, 'Illegal string offset \'q\'', 'APPPATH\\Views\\pages\\faq.php', 8, [...])
 2 SYSTEMPATH\View\View.php(213): include('APPPATH\\Views\\pages\\faq.php')
 3 SYSTEMPATH\View\View.php(216): CodeIgniter\View\View->CodeIgniter\View\{closure}()
 4 SYSTEMPATH\Common.php(1184): CodeIgniter\View\View->render('pages/faq', [], true)
 5 APPPATH\Controllers\Pages.php(62): view('pages/faq', [...])
 6 SYSTEMPATH\CodeIgniter.php(934): App\Controllers\Pages->faq()
 7 SYSTEMPATH\CodeIgniter.php(499): CodeIgniter\CodeIgniter->runController(Object(App\Controllers\Pages))
 8 SYSTEMPATH\CodeIgniter.php(368): CodeIgniter\CodeIgniter->handleRequest(null, Object(Config\Cache), false)
 9 FCPATH\index.php(67): CodeIgniter\CodeIgniter->run()
10 SYSTEMPATH\Commands\Server\rewrite.php(47): require_once('FCPATH\\index.php')
CRITICAL - 2023-04-10 15:13:08 --> Illegal string offset 'q'
in APPPATH\Views\pages\faq.php on line 8.
 1 APPPATH\Views\pages\faq.php(8): CodeIgniter\Debug\Exceptions->errorHandler(2, 'Illegal string offset \'q\'', 'APPPATH\\Views\\pages\\faq.php', 8, [...])
 2 SYSTEMPATH\View\View.php(213): include('APPPATH\\Views\\pages\\faq.php')
 3 SYSTEMPATH\View\View.php(216): CodeIgniter\View\View->CodeIgniter\View\{closure}()
 4 SYSTEMPATH\Common.php(1184): CodeIgniter\View\View->render('pages/faq', [], true)
 5 APPPATH\Controllers\Pages.php(62): view('pages/faq', [...])
 6 SYSTEMPATH\CodeIgniter.php(934): App\Controllers\Pages->faq()
 7 SYSTEMPATH\CodeIgniter.php(499): CodeIgniter\CodeIgniter->runController(Object(App\Controllers\Pages))
 8 SYSTEMPATH\CodeIgniter.php(368): CodeIgniter\CodeIgniter->handleRequest(null, Object(Config\Cache), false)
 9 FCPATH\index.php(67): CodeIgniter\CodeIgniter->run()
10 SYSTEMPATH\Commands\Server\rewrite.php(47): require_once('FCPATH\\index.php')
CRITICAL - 2023-04-10 15:14:38 --> Illegal string offset 'q'
in APPPATH\Views\pages\faq.php on line 8.
 1 APPPATH\Views\pages\faq.php(8): CodeIgniter\Debug\Exceptions->errorHandler(2, 'Illegal string offset \'q\'', 'APPPATH\\Views\\pages\\faq.php', 8, [...])
 2 SYSTEMPATH\View\View.php(213): include('APPPATH\\Views\\pages\\faq.php')
 3 SYSTEMPATH\View\View.php(216): CodeIgniter\View\View->CodeIgniter\View\{closure}()
 4 SYSTEMPATH\Common.php(1184): CodeIgniter\View\View->render('pages/faq', [], true)
 5 APPPATH\Controllers\Pages.php(62): view('pages/faq', [...])
 6 SYSTEMPATH\CodeIgniter.php(934): App\Controllers\Pages->faq()
 7 SYSTEMPATH\CodeIgniter.php(499): CodeIgniter\CodeIgniter->runController(Object(App\Controllers\Pages))
 8 SYSTEMPATH\CodeIgniter.php(368): CodeIgniter\CodeIgniter->handleRequest(null, Object(Config\Cache), false)
 9 FCPATH\index.php(67): CodeIgniter\CodeIgniter->run()
10 SYSTEMPATH\Commands\Server\rewrite.php(47): require_once('FCPATH\\index.php')
CRITICAL - 2023-04-10 15:14:39 --> Illegal string offset 'q'
in APPPATH\Views\pages\faq.php on line 8.
 1 APPPATH\Views\pages\faq.php(8): CodeIgniter\Debug\Exceptions->errorHandler(2, 'Illegal string offset \'q\'', 'APPPATH\\Views\\pages\\faq.php', 8, [...])
 2 SYSTEMPATH\View\View.php(213): include('APPPATH\\Views\\pages\\faq.php')
 3 SYSTEMPATH\View\View.php(216): CodeIgniter\View\View->CodeIgniter\View\{closure}()
 4 SYSTEMPATH\Common.php(1184): CodeIgniter\View\View->render('pages/faq', [], true)
 5 APPPATH\Controllers\Pages.php(62): view('pages/faq', [...])
 6 SYSTEMPATH\CodeIgniter.php(934): App\Controllers\Pages->faq()
 7 SYSTEMPATH\CodeIgniter.php(499): CodeIgniter\CodeIgniter->runController(Object(App\Controllers\Pages))
 8 SYSTEMPATH\CodeIgniter.php(368): CodeIgniter\CodeIgniter->handleRequest(null, Object(Config\Cache), false)
 9 FCPATH\index.php(67): CodeIgniter\CodeIgniter->run()
10 SYSTEMPATH\Commands\Server\rewrite.php(47): require_once('FCPATH\\index.php')
CRITICAL - 2023-04-10 15:14:40 --> Illegal string offset 'q'
in APPPATH\Views\pages\faq.php on line 8.
 1 APPPATH\Views\pages\faq.php(8): CodeIgniter\Debug\Exceptions->errorHandler(2, 'Illegal string offset \'q\'', 'APPPATH\\Views\\pages\\faq.php', 8, [...])
 2 SYSTEMPATH\View\View.php(213): include('APPPATH\\Views\\pages\\faq.php')
 3 SYSTEMPATH\View\View.php(216): CodeIgniter\View\View->CodeIgniter\View\{closure}()
 4 SYSTEMPATH\Common.php(1184): CodeIgniter\View\View->render('pages/faq', [], true)
 5 APPPATH\Controllers\Pages.php(62): view('pages/faq', [...])
 6 SYSTEMPATH\CodeIgniter.php(934): App\Controllers\Pages->faq()
 7 SYSTEMPATH\CodeIgniter.php(499): CodeIgniter\CodeIgniter->runController(Object(App\Controllers\Pages))
 8 SYSTEMPATH\CodeIgniter.php(368): CodeIgniter\CodeIgniter->handleRequest(null, Object(Config\Cache), false)
 9 FCPATH\index.php(67): CodeIgniter\CodeIgniter->run()
10 SYSTEMPATH\Commands\Server\rewrite.php(47): require_once('FCPATH\\index.php')
CRITICAL - 2023-04-10 15:14:41 --> Illegal string offset 'q'
in APPPATH\Views\pages\faq.php on line 8.
 1 APPPATH\Views\pages\faq.php(8): CodeIgniter\Debug\Exceptions->errorHandler(2, 'Illegal string offset \'q\'', 'APPPATH\\Views\\pages\\faq.php', 8, [...])
 2 SYSTEMPATH\View\View.php(213): include('APPPATH\\Views\\pages\\faq.php')
 3 SYSTEMPATH\View\View.php(216): CodeIgniter\View\View->CodeIgniter\View\{closure}()
 4 SYSTEMPATH\Common.php(1184): CodeIgniter\View\View->render('pages/faq', [], true)
 5 APPPATH\Controllers\Pages.php(62): view('pages/faq', [...])
 6 SYSTEMPATH\CodeIgniter.php(934): App\Controllers\Pages->faq()
 7 SYSTEMPATH\CodeIgniter.php(499): CodeIgniter\CodeIgniter->runController(Object(App\Controllers\Pages))
 8 SYSTEMPATH\CodeIgniter.php(368): CodeIgniter\CodeIgniter->handleRequest(null, Object(Config\Cache), false)
 9 FCPATH\index.php(67): CodeIgniter\CodeIgniter->run()
10 SYSTEMPATH\Commands\Server\rewrite.php(47): require_once('FCPATH\\index.php')
CRITICAL - 2023-04-10 15:15:30 --> Illegal string offset 'q'
in APPPATH\Views\pages\faq.php on line 8.
 1 APPPATH\Views\pages\faq.php(8): CodeIgniter\Debug\Exceptions->errorHandler(2, 'Illegal string offset \'q\'', 'APPPATH\\Views\\pages\\faq.php', 8, [...])
 2 SYSTEMPATH\View\View.php(213): include('APPPATH\\Views\\pages\\faq.php')
 3 SYSTEMPATH\View\View.php(216): CodeIgniter\View\View->CodeIgniter\View\{closure}()
 4 SYSTEMPATH\Common.php(1184): CodeIgniter\View\View->render('pages/faq', [], true)
 5 APPPATH\Controllers\Pages.php(62): view('pages/faq', [...])
 6 SYSTEMPATH\CodeIgniter.php(934): App\Controllers\Pages->faq()
 7 SYSTEMPATH\CodeIgniter.php(499): CodeIgniter\CodeIgniter->runController(Object(App\Controllers\Pages))
 8 SYSTEMPATH\CodeIgniter.php(368): CodeIgniter\CodeIgniter->handleRequest(null, Object(Config\Cache), false)
 9 FCPATH\index.php(67): CodeIgniter\CodeIgniter->run()
10 SYSTEMPATH\Commands\Server\rewrite.php(47): require_once('FCPATH\\index.php')
CRITICAL - 2023-04-10 15:15:30 --> Illegal string offset 'q'
in APPPATH\Views\pages\faq.php on line 8.
 1 APPPATH\Views\pages\faq.php(8): CodeIgniter\Debug\Exceptions->errorHandler(2, 'Illegal string offset \'q\'', 'APPPATH\\Views\\pages\\faq.php', 8, [...])
 2 SYSTEMPATH\View\View.php(213): include('APPPATH\\Views\\pages\\faq.php')
 3 SYSTEMPATH\View\View.php(216): CodeIgniter\View\View->CodeIgniter\View\{closure}()
 4 SYSTEMPATH\Common.php(1184): CodeIgniter\View\View->render('pages/faq', [], true)
 5 APPPATH\Controllers\Pages.php(62): view('pages/faq', [...])
 6 SYSTEMPATH\CodeIgniter.php(934): App\Controllers\Pages->faq()
 7 SYSTEMPATH\CodeIgniter.php(499): CodeIgniter\CodeIgniter->runController(Object(App\Controllers\Pages))
 8 SYSTEMPATH\CodeIgniter.php(368): CodeIgniter\CodeIgniter->handleRequest(null, Object(Config\Cache), false)
 9 FCPATH\index.php(67): CodeIgniter\CodeIgniter->run()
10 SYSTEMPATH\Commands\Server\rewrite.php(47): require_once('FCPATH\\index.php')
CRITICAL - 2023-04-10 15:15:31 --> Illegal string offset 'q'
in APPPATH\Views\pages\faq.php on line 8.
 1 APPPATH\Views\pages\faq.php(8): CodeIgniter\Debug\Exceptions->errorHandler(2, 'Illegal string offset \'q\'', 'APPPATH\\Views\\pages\\faq.php', 8, [...])
 2 SYSTEMPATH\View\View.php(213): include('APPPATH\\Views\\pages\\faq.php')
 3 SYSTEMPATH\View\View.php(216): CodeIgniter\View\View->CodeIgniter\View\{closure}()
 4 SYSTEMPATH\Common.php(1184): CodeIgniter\View\View->render('pages/faq', [], true)
 5 APPPATH\Controllers\Pages.php(62): view('pages/faq', [...])
 6 SYSTEMPATH\CodeIgniter.php(934): App\Controllers\Pages->faq()
 7 SYSTEMPATH\CodeIgniter.php(499): CodeIgniter\CodeIgniter->runController(Object(App\Controllers\Pages))
 8 SYSTEMPATH\CodeIgniter.php(368): CodeIgniter\CodeIgniter->handleRequest(null, Object(Config\Cache), false)
 9 FCPATH\index.php(67): CodeIgniter\CodeIgniter->run()
10 SYSTEMPATH\Commands\Server\rewrite.php(47): require_once('FCPATH\\index.php')
CRITICAL - 2023-04-10 15:15:31 --> Illegal string offset 'q'
in APPPATH\Views\pages\faq.php on line 8.
 1 APPPATH\Views\pages\faq.php(8): CodeIgniter\Debug\Exceptions->errorHandler(2, 'Illegal string offset \'q\'', 'APPPATH\\Views\\pages\\faq.php', 8, [...])
 2 SYSTEMPATH\View\View.php(213): include('APPPATH\\Views\\pages\\faq.php')
 3 SYSTEMPATH\View\View.php(216): CodeIgniter\View\View->CodeIgniter\View\{closure}()
 4 SYSTEMPATH\Common.php(1184): CodeIgniter\View\View->render('pages/faq', [], true)
 5 APPPATH\Controllers\Pages.php(62): view('pages/faq', [...])
 6 SYSTEMPATH\CodeIgniter.php(934): App\Controllers\Pages->faq()
 7 SYSTEMPATH\CodeIgniter.php(499): CodeIgniter\CodeIgniter->runController(Object(App\Controllers\Pages))
 8 SYSTEMPATH\CodeIgniter.php(368): CodeIgniter\CodeIgniter->handleRequest(null, Object(Config\Cache), false)
 9 FCPATH\index.php(67): CodeIgniter\CodeIgniter->run()
10 SYSTEMPATH\Commands\Server\rewrite.php(47): require_once('FCPATH\\index.php')
CRITICAL - 2023-04-10 15:15:31 --> Illegal string offset 'q'
in APPPATH\Views\pages\faq.php on line 8.
 1 APPPATH\Views\pages\faq.php(8): CodeIgniter\Debug\Exceptions->errorHandler(2, 'Illegal string offset \'q\'', 'APPPATH\\Views\\pages\\faq.php', 8, [...])
 2 SYSTEMPATH\View\View.php(213): include('APPPATH\\Views\\pages\\faq.php')
 3 SYSTEMPATH\View\View.php(216): CodeIgniter\View\View->CodeIgniter\View\{closure}()
 4 SYSTEMPATH\Common.php(1184): CodeIgniter\View\View->render('pages/faq', [], true)
 5 APPPATH\Controllers\Pages.php(62): view('pages/faq', [...])
 6 SYSTEMPATH\CodeIgniter.php(934): App\Controllers\Pages->faq()
 7 SYSTEMPATH\CodeIgniter.php(499): CodeIgniter\CodeIgniter->runController(Object(App\Controllers\Pages))
 8 SYSTEMPATH\CodeIgniter.php(368): CodeIgniter\CodeIgniter->handleRequest(null, Object(Config\Cache), false)
 9 FCPATH\index.php(67): CodeIgniter\CodeIgniter->run()
10 SYSTEMPATH\Commands\Server\rewrite.php(47): require_once('FCPATH\\index.php')
CRITICAL - 2023-04-10 15:15:31 --> Illegal string offset 'q'
in APPPATH\Views\pages\faq.php on line 8.
 1 APPPATH\Views\pages\faq.php(8): CodeIgniter\Debug\Exceptions->errorHandler(2, 'Illegal string offset \'q\'', 'APPPATH\\Views\\pages\\faq.php', 8, [...])
 2 SYSTEMPATH\View\View.php(213): include('APPPATH\\Views\\pages\\faq.php')
 3 SYSTEMPATH\View\View.php(216): CodeIgniter\View\View->CodeIgniter\View\{closure}()
 4 SYSTEMPATH\Common.php(1184): CodeIgniter\View\View->render('pages/faq', [], true)
 5 APPPATH\Controllers\Pages.php(62): view('pages/faq', [...])
 6 SYSTEMPATH\CodeIgniter.php(934): App\Controllers\Pages->faq()
 7 SYSTEMPATH\CodeIgniter.php(499): CodeIgniter\CodeIgniter->runController(Object(App\Controllers\Pages))
 8 SYSTEMPATH\CodeIgniter.php(368): CodeIgniter\CodeIgniter->handleRequest(null, Object(Config\Cache), false)
 9 FCPATH\index.php(67): CodeIgniter\CodeIgniter->run()
10 SYSTEMPATH\Commands\Server\rewrite.php(47): require_once('FCPATH\\index.php')
CRITICAL - 2023-04-10 15:15:31 --> Illegal string offset 'q'
in APPPATH\Views\pages\faq.php on line 8.
 1 APPPATH\Views\pages\faq.php(8): CodeIgniter\Debug\Exceptions->errorHandler(2, 'Illegal string offset \'q\'', 'APPPATH\\Views\\pages\\faq.php', 8, [...])
 2 SYSTEMPATH\View\View.php(213): include('APPPATH\\Views\\pages\\faq.php')
 3 SYSTEMPATH\View\View.php(216): CodeIgniter\View\View->CodeIgniter\View\{closure}()
 4 SYSTEMPATH\Common.php(1184): CodeIgniter\View\View->render('pages/faq', [], true)
 5 APPPATH\Controllers\Pages.php(62): view('pages/faq', [...])
 6 SYSTEMPATH\CodeIgniter.php(934): App\Controllers\Pages->faq()
 7 SYSTEMPATH\CodeIgniter.php(499): CodeIgniter\CodeIgniter->runController(Object(App\Controllers\Pages))
 8 SYSTEMPATH\CodeIgniter.php(368): CodeIgniter\CodeIgniter->handleRequest(null, Object(Config\Cache), false)
 9 FCPATH\index.php(67): CodeIgniter\CodeIgniter->run()
10 SYSTEMPATH\Commands\Server\rewrite.php(47): require_once('FCPATH\\index.php')
CRITICAL - 2023-04-10 15:15:32 --> Illegal string offset 'q'
in APPPATH\Views\pages\faq.php on line 8.
 1 APPPATH\Views\pages\faq.php(8): CodeIgniter\Debug\Exceptions->errorHandler(2, 'Illegal string offset \'q\'', 'APPPATH\\Views\\pages\\faq.php', 8, [...])
 2 SYSTEMPATH\View\View.php(213): include('APPPATH\\Views\\pages\\faq.php')
 3 SYSTEMPATH\View\View.php(216): CodeIgniter\View\View->CodeIgniter\View\{closure}()
 4 SYSTEMPATH\Common.php(1184): CodeIgniter\View\View->render('pages/faq', [], true)
 5 APPPATH\Controllers\Pages.php(62): view('pages/faq', [...])
 6 SYSTEMPATH\CodeIgniter.php(934): App\Controllers\Pages->faq()
 7 SYSTEMPATH\CodeIgniter.php(499): CodeIgniter\CodeIgniter->runController(Object(App\Controllers\Pages))
 8 SYSTEMPATH\CodeIgniter.php(368): CodeIgniter\CodeIgniter->handleRequest(null, Object(Config\Cache), false)
 9 FCPATH\index.php(67): CodeIgniter\CodeIgniter->run()
10 SYSTEMPATH\Commands\Server\rewrite.php(47): require_once('FCPATH\\index.php')
CRITICAL - 2023-04-10 15:15:32 --> Illegal string offset 'q'
in APPPATH\Views\pages\faq.php on line 8.
 1 APPPATH\Views\pages\faq.php(8): CodeIgniter\Debug\Exceptions->errorHandler(2, 'Illegal string offset \'q\'', 'APPPATH\\Views\\pages\\faq.php', 8, [...])
 2 SYSTEMPATH\View\View.php(213): include('APPPATH\\Views\\pages\\faq.php')
 3 SYSTEMPATH\View\View.php(216): CodeIgniter\View\View->CodeIgniter\View\{closure}()
 4 SYSTEMPATH\Common.php(1184): CodeIgniter\View\View->render('pages/faq', [], true)
 5 APPPATH\Controllers\Pages.php(62): view('pages/faq', [...])
 6 SYSTEMPATH\CodeIgniter.php(934): App\Controllers\Pages->faq()
 7 SYSTEMPATH\CodeIgniter.php(499): CodeIgniter\CodeIgniter->runController(Object(App\Controllers\Pages))
 8 SYSTEMPATH\CodeIgniter.php(368): CodeIgniter\CodeIgniter->handleRequest(null, Object(Config\Cache), false)
 9 FCPATH\index.php(67): CodeIgniter\CodeIgniter->run()
10 SYSTEMPATH\Commands\Server\rewrite.php(47): require_once('FCPATH\\index.php')
CRITICAL - 2023-04-10 15:15:32 --> Illegal string offset 'q'
in APPPATH\Views\pages\faq.php on line 8.
 1 APPPATH\Views\pages\faq.php(8): CodeIgniter\Debug\Exceptions->errorHandler(2, 'Illegal string offset \'q\'', 'APPPATH\\Views\\pages\\faq.php', 8, [...])
 2 SYSTEMPATH\View\View.php(213): include('APPPATH\\Views\\pages\\faq.php')
 3 SYSTEMPATH\View\View.php(216): CodeIgniter\View\View->CodeIgniter\View\{closure}()
 4 SYSTEMPATH\Common.php(1184): CodeIgniter\View\View->render('pages/faq', [], true)
 5 APPPATH\Controllers\Pages.php(62): view('pages/faq', [...])
 6 SYSTEMPATH\CodeIgniter.php(934): App\Controllers\Pages->faq()
 7 SYSTEMPATH\CodeIgniter.php(499): CodeIgniter\CodeIgniter->runController(Object(App\Controllers\Pages))
 8 SYSTEMPATH\CodeIgniter.php(368): CodeIgniter\CodeIgniter->handleRequest(null, Object(Config\Cache), false)
 9 FCPATH\index.php(67): CodeIgniter\CodeIgniter->run()
10 SYSTEMPATH\Commands\Server\rewrite.php(47): require_once('FCPATH\\index.php')
CRITICAL - 2023-04-10 15:15:32 --> Illegal string offset 'q'
in APPPATH\Views\pages\faq.php on line 8.
 1 APPPATH\Views\pages\faq.php(8): CodeIgniter\Debug\Exceptions->errorHandler(2, 'Illegal string offset \'q\'', 'APPPATH\\Views\\pages\\faq.php', 8, [...])
 2 SYSTEMPATH\View\View.php(213): include('APPPATH\\Views\\pages\\faq.php')
 3 SYSTEMPATH\View\View.php(216): CodeIgniter\View\View->CodeIgniter\View\{closure}()
 4 SYSTEMPATH\Common.php(1184): CodeIgniter\View\View->render('pages/faq', [], true)
 5 APPPATH\Controllers\Pages.php(62): view('pages/faq', [...])
 6 SYSTEMPATH\CodeIgniter.php(934): App\Controllers\Pages->faq()
 7 SYSTEMPATH\CodeIgniter.php(499): CodeIgniter\CodeIgniter->runController(Object(App\Controllers\Pages))
 8 SYSTEMPATH\CodeIgniter.php(368): CodeIgniter\CodeIgniter->handleRequest(null, Object(Config\Cache), false)
 9 FCPATH\index.php(67): CodeIgniter\CodeIgniter->run()
10 SYSTEMPATH\Commands\Server\rewrite.php(47): require_once('FCPATH\\index.php')
CRITICAL - 2023-04-10 15:15:32 --> Illegal string offset 'q'
in APPPATH\Views\pages\faq.php on line 8.
 1 APPPATH\Views\pages\faq.php(8): CodeIgniter\Debug\Exceptions->errorHandler(2, 'Illegal string offset \'q\'', 'APPPATH\\Views\\pages\\faq.php', 8, [...])
 2 SYSTEMPATH\View\View.php(213): include('APPPATH\\Views\\pages\\faq.php')
 3 SYSTEMPATH\View\View.php(216): CodeIgniter\View\View->CodeIgniter\View\{closure}()
 4 SYSTEMPATH\Common.php(1184): CodeIgniter\View\View->render('pages/faq', [], true)
 5 APPPATH\Controllers\Pages.php(62): view('pages/faq', [...])
 6 SYSTEMPATH\CodeIgniter.php(934): App\Controllers\Pages->faq()
 7 SYSTEMPATH\CodeIgniter.php(499): CodeIgniter\CodeIgniter->runController(Object(App\Controllers\Pages))
 8 SYSTEMPATH\CodeIgniter.php(368): CodeIgniter\CodeIgniter->handleRequest(null, Object(Config\Cache), false)
 9 FCPATH\index.php(67): CodeIgniter\CodeIgniter->run()
10 SYSTEMPATH\Commands\Server\rewrite.php(47): require_once('FCPATH\\index.php')
CRITICAL - 2023-04-10 15:15:33 --> Illegal string offset 'q'
in APPPATH\Views\pages\faq.php on line 8.
 1 APPPATH\Views\pages\faq.php(8): CodeIgniter\Debug\Exceptions->errorHandler(2, 'Illegal string offset \'q\'', 'APPPATH\\Views\\pages\\faq.php', 8, [...])
 2 SYSTEMPATH\View\View.php(213): include('APPPATH\\Views\\pages\\faq.php')
 3 SYSTEMPATH\View\View.php(216): CodeIgniter\View\View->CodeIgniter\View\{closure}()
 4 SYSTEMPATH\Common.php(1184): CodeIgniter\View\View->render('pages/faq', [], true)
 5 APPPATH\Controllers\Pages.php(62): view('pages/faq', [...])
 6 SYSTEMPATH\CodeIgniter.php(934): App\Controllers\Pages->faq()
 7 SYSTEMPATH\CodeIgniter.php(499): CodeIgniter\CodeIgniter->runController(Object(App\Controllers\Pages))
 8 SYSTEMPATH\CodeIgniter.php(368): CodeIgniter\CodeIgniter->handleRequest(null, Object(Config\Cache), false)
 9 FCPATH\index.php(67): CodeIgniter\CodeIgniter->run()
10 SYSTEMPATH\Commands\Server\rewrite.php(47): require_once('FCPATH\\index.php')
CRITICAL - 2023-04-10 15:15:33 --> Illegal string offset 'q'
in APPPATH\Views\pages\faq.php on line 8.
 1 APPPATH\Views\pages\faq.php(8): CodeIgniter\Debug\Exceptions->errorHandler(2, 'Illegal string offset \'q\'', 'APPPATH\\Views\\pages\\faq.php', 8, [...])
 2 SYSTEMPATH\View\View.php(213): include('APPPATH\\Views\\pages\\faq.php')
 3 SYSTEMPATH\View\View.php(216): CodeIgniter\View\View->CodeIgniter\View\{closure}()
 4 SYSTEMPATH\Common.php(1184): CodeIgniter\View\View->render('pages/faq', [], true)
 5 APPPATH\Controllers\Pages.php(62): view('pages/faq', [...])
 6 SYSTEMPATH\CodeIgniter.php(934): App\Controllers\Pages->faq()
 7 SYSTEMPATH\CodeIgniter.php(499): CodeIgniter\CodeIgniter->runController(Object(App\Controllers\Pages))
 8 SYSTEMPATH\CodeIgniter.php(368): CodeIgniter\CodeIgniter->handleRequest(null, Object(Config\Cache), false)
 9 FCPATH\index.php(67): CodeIgniter\CodeIgniter->run()
10 SYSTEMPATH\Commands\Server\rewrite.php(47): require_once('FCPATH\\index.php')
CRITICAL - 2023-04-10 15:15:34 --> Illegal string offset 'q'
in APPPATH\Views\pages\faq.php on line 8.
 1 APPPATH\Views\pages\faq.php(8): CodeIgniter\Debug\Exceptions->errorHandler(2, 'Illegal string offset \'q\'', 'APPPATH\\Views\\pages\\faq.php', 8, [...])
 2 SYSTEMPATH\View\View.php(213): include('APPPATH\\Views\\pages\\faq.php')
 3 SYSTEMPATH\View\View.php(216): CodeIgniter\View\View->CodeIgniter\View\{closure}()
 4 SYSTEMPATH\Common.php(1184): CodeIgniter\View\View->render('pages/faq', [], true)
 5 APPPATH\Controllers\Pages.php(62): view('pages/faq', [...])
 6 SYSTEMPATH\CodeIgniter.php(934): App\Controllers\Pages->faq()
 7 SYSTEMPATH\CodeIgniter.php(499): CodeIgniter\CodeIgniter->runController(Object(App\Controllers\Pages))
 8 SYSTEMPATH\CodeIgniter.php(368): CodeIgniter\CodeIgniter->handleRequest(null, Object(Config\Cache), false)
 9 FCPATH\index.php(67): CodeIgniter\CodeIgniter->run()
10 SYSTEMPATH\Commands\Server\rewrite.php(47): require_once('FCPATH\\index.php')
CRITICAL - 2023-04-10 15:15:34 --> Illegal string offset 'q'
in APPPATH\Views\pages\faq.php on line 8.
 1 APPPATH\Views\pages\faq.php(8): CodeIgniter\Debug\Exceptions->errorHandler(2, 'Illegal string offset \'q\'', 'APPPATH\\Views\\pages\\faq.php', 8, [...])
 2 SYSTEMPATH\View\View.php(213): include('APPPATH\\Views\\pages\\faq.php')
 3 SYSTEMPATH\View\View.php(216): CodeIgniter\View\View->CodeIgniter\View\{closure}()
 4 SYSTEMPATH\Common.php(1184): CodeIgniter\View\View->render('pages/faq', [], true)
 5 APPPATH\Controllers\Pages.php(62): view('pages/faq', [...])
 6 SYSTEMPATH\CodeIgniter.php(934): App\Controllers\Pages->faq()
 7 SYSTEMPATH\CodeIgniter.php(499): CodeIgniter\CodeIgniter->runController(Object(App\Controllers\Pages))
 8 SYSTEMPATH\CodeIgniter.php(368): CodeIgniter\CodeIgniter->handleRequest(null, Object(Config\Cache), false)
 9 FCPATH\index.php(67): CodeIgniter\CodeIgniter->run()
10 SYSTEMPATH\Commands\Server\rewrite.php(47): require_once('FCPATH\\index.php')
CRITICAL - 2023-04-10 15:20:34 --> Illegal string offset 'question'
in APPPATH\Views\pages\faq.php on line 8.
 1 APPPATH\Views\pages\faq.php(8): CodeIgniter\Debug\Exceptions->errorHandler(2, 'Illegal string offset \'question\'', 'APPPATH\\Views\\pages\\faq.php', 8, [...])
 2 SYSTEMPATH\View\View.php(213): include('APPPATH\\Views\\pages\\faq.php')
 3 SYSTEMPATH\View\View.php(216): CodeIgniter\View\View->CodeIgniter\View\{closure}()
 4 SYSTEMPATH\Common.php(1184): CodeIgniter\View\View->render('pages/faq', [], true)
 5 APPPATH\Controllers\Pages.php(60): view('pages/faq', [...])
 6 SYSTEMPATH\CodeIgniter.php(934): App\Controllers\Pages->faq()
 7 SYSTEMPATH\CodeIgniter.php(499): CodeIgniter\CodeIgniter->runController(Object(App\Controllers\Pages))
 8 SYSTEMPATH\CodeIgniter.php(368): CodeIgniter\CodeIgniter->handleRequest(null, Object(Config\Cache), false)
 9 FCPATH\index.php(67): CodeIgniter\CodeIgniter->run()
10 SYSTEMPATH\Commands\Server\rewrite.php(47): require_once('FCPATH\\index.php')
CRITICAL - 2023-04-10 15:20:35 --> Illegal string offset 'question'
in APPPATH\Views\pages\faq.php on line 8.
 1 APPPATH\Views\pages\faq.php(8): CodeIgniter\Debug\Exceptions->errorHandler(2, 'Illegal string offset \'question\'', 'APPPATH\\Views\\pages\\faq.php', 8, [...])
 2 SYSTEMPATH\View\View.php(213): include('APPPATH\\Views\\pages\\faq.php')
 3 SYSTEMPATH\View\View.php(216): CodeIgniter\View\View->CodeIgniter\View\{closure}()
 4 SYSTEMPATH\Common.php(1184): CodeIgniter\View\View->render('pages/faq', [], true)
 5 APPPATH\Controllers\Pages.php(60): view('pages/faq', [...])
 6 SYSTEMPATH\CodeIgniter.php(934): App\Controllers\Pages->faq()
 7 SYSTEMPATH\CodeIgniter.php(499): CodeIgniter\CodeIgniter->runController(Object(App\Controllers\Pages))
 8 SYSTEMPATH\CodeIgniter.php(368): CodeIgniter\CodeIgniter->handleRequest(null, Object(Config\Cache), false)
 9 FCPATH\index.php(67): CodeIgniter\CodeIgniter->run()
10 SYSTEMPATH\Commands\Server\rewrite.php(47): require_once('FCPATH\\index.php')
CRITICAL - 2023-04-10 15:20:55 --> Use of undefined constant question - assumed 'question' (this will throw an Error in a future version of PHP)
in APPPATH\Views\pages\faq.php on line 8.
 1 APPPATH\Views\pages\faq.php(8): CodeIgniter\Debug\Exceptions->errorHandler(2, 'Use of undefined constant question - assumed \'question\' (this will throw an Error in a future version of PHP)', 'APPPATH\\Views\\pages\\faq.php', 8, [...])
 2 SYSTEMPATH\View\View.php(213): include('APPPATH\\Views\\pages\\faq.php')
 3 SYSTEMPATH\View\View.php(216): CodeIgniter\View\View->CodeIgniter\View\{closure}()
 4 SYSTEMPATH\Common.php(1184): CodeIgniter\View\View->render('pages/faq', [], true)
 5 APPPATH\Controllers\Pages.php(60): view('pages/faq', [...])
 6 SYSTEMPATH\CodeIgniter.php(934): App\Controllers\Pages->faq()
 7 SYSTEMPATH\CodeIgniter.php(499): CodeIgniter\CodeIgniter->runController(Object(App\Controllers\Pages))
 8 SYSTEMPATH\CodeIgniter.php(368): CodeIgniter\CodeIgniter->handleRequest(null, Object(Config\Cache), false)
 9 FCPATH\index.php(67): CodeIgniter\CodeIgniter->run()
10 SYSTEMPATH\Commands\Server\rewrite.php(47): require_once('FCPATH\\index.php')
CRITICAL - 2023-04-10 15:21:26 --> Illegal string offset 'question'
in APPPATH\Views\pages\faq.php on line 8.
 1 APPPATH\Views\pages\faq.php(8): CodeIgniter\Debug\Exceptions->errorHandler(2, 'Illegal string offset \'question\'', 'APPPATH\\Views\\pages\\faq.php', 8, [...])
 2 SYSTEMPATH\View\View.php(213): include('APPPATH\\Views\\pages\\faq.php')
 3 SYSTEMPATH\View\View.php(216): CodeIgniter\View\View->CodeIgniter\View\{closure}()
 4 SYSTEMPATH\Common.php(1184): CodeIgniter\View\View->render('pages/faq', [], true)
 5 APPPATH\Controllers\Pages.php(60): view('pages/faq', [...])
 6 SYSTEMPATH\CodeIgniter.php(934): App\Controllers\Pages->faq()
 7 SYSTEMPATH\CodeIgniter.php(499): CodeIgniter\CodeIgniter->runController(Object(App\Controllers\Pages))
 8 SYSTEMPATH\CodeIgniter.php(368): CodeIgniter\CodeIgniter->handleRequest(null, Object(Config\Cache), false)
 9 FCPATH\index.php(67): CodeIgniter\CodeIgniter->run()
10 SYSTEMPATH\Commands\Server\rewrite.php(47): require_once('FCPATH\\index.php')
CRITICAL - 2023-04-10 15:21:27 --> Illegal string offset 'question'
in APPPATH\Views\pages\faq.php on line 8.
 1 APPPATH\Views\pages\faq.php(8): CodeIgniter\Debug\Exceptions->errorHandler(2, 'Illegal string offset \'question\'', 'APPPATH\\Views\\pages\\faq.php', 8, [...])
 2 SYSTEMPATH\View\View.php(213): include('APPPATH\\Views\\pages\\faq.php')
 3 SYSTEMPATH\View\View.php(216): CodeIgniter\View\View->CodeIgniter\View\{closure}()
 4 SYSTEMPATH\Common.php(1184): CodeIgniter\View\View->render('pages/faq', [], true)
 5 APPPATH\Controllers\Pages.php(60): view('pages/faq', [...])
 6 SYSTEMPATH\CodeIgniter.php(934): App\Controllers\Pages->faq()
 7 SYSTEMPATH\CodeIgniter.php(499): CodeIgniter\CodeIgniter->runController(Object(App\Controllers\Pages))
 8 SYSTEMPATH\CodeIgniter.php(368): CodeIgniter\CodeIgniter->handleRequest(null, Object(Config\Cache), false)
 9 FCPATH\index.php(67): CodeIgniter\CodeIgniter->run()
10 SYSTEMPATH\Commands\Server\rewrite.php(47): require_once('FCPATH\\index.php')
